2021-08-27T20:15:27.870+0800	[31mERROR[0m	controller/handler.go:31	invalid connection
github.com/GoAdminGroup/go-admin/modules/logger.Error
	C:/Users/0xkda/go/pkg/mod/github.com/!go!admin!group/go-admin@v1.2.23/modules/logger/logger.go:285
github.com/GoAdminGroup/go-admin/plugins/admin/controller.(*Handler).GlobalDeferHandler
	C:/Users/0xkda/go/pkg/mod/github.com/!go!admin!group/go-admin@v1.2.23/plugins/admin/controller/handler.go:31
runtime.gopanic
	D:/Program Files/Go/src/runtime/panic.go:965
github.com/GoAdminGroup/go-admin/modules/db.CommonQuery
	C:/Users/0xkda/go/pkg/mod/github.com/!go!admin!group/go-admin@v1.2.23/modules/db/performer.go:20
github.com/GoAdminGroup/go-admin/modules/db.(*Mysql).QueryWithConnection
	C:/Users/0xkda/go/pkg/mod/github.com/!go!admin!group/go-admin@v1.2.23/modules/db/mysql.go:83
github.com/GoAdminGroup/go-admin/modules/db.(*Mysql).QueryWith
	C:/Users/0xkda/go/pkg/mod/github.com/!go!admin!group/go-admin@v1.2.23/modules/db/mysql.go:115
github.com/GoAdminGroup/go-admin/modules/db.(*SQL).First
	C:/Users/0xkda/go/pkg/mod/github.com/!go!admin!group/go-admin@v1.2.23/modules/db/statement.go:424
github.com/GoAdminGroup/go-admin/modules/auth.(*DBDriver).Load
	C:/Users/0xkda/go/pkg/mod/github.com/!go!admin!group/go-admin@v1.2.23/modules/auth/session.go:143
github.com/GoAdminGroup/go-admin/modules/auth.(*Session).StartCtx
	C:/Users/0xkda/go/pkg/mod/github.com/!go!admin!group/go-admin@v1.2.23/modules/auth/session.go:106
github.com/GoAdminGroup/go-admin/modules/auth.InitSession
	C:/Users/0xkda/go/pkg/mod/github.com/!go!admin!group/go-admin@v1.2.23/modules/auth/session.go:132
github.com/GoAdminGroup/go-admin/modules/auth.Filter
	C:/Users/0xkda/go/pkg/mod/github.com/!go!admin!group/go-admin@v1.2.23/modules/auth/middleware.go:159
github.com/GoAdminGroup/go-admin/modules/auth.(*Invoker).Middleware.func1
	C:/Users/0xkda/go/pkg/mod/github.com/!go!admin!group/go-admin@v1.2.23/modules/auth/middleware.go:128
github.com/GoAdminGroup/go-admin/context.(*Context).Next
	C:/Users/0xkda/go/pkg/mod/github.com/!go!admin!group/go-admin@v1.2.23/context/context.go:101
github.com/GoAdminGroup/go-admin/plugins/admin.(*Admin).globalErrorHandler
	C:/Users/0xkda/go/pkg/mod/github.com/!go!admin!group/go-admin@v1.2.23/plugins/admin/router.go:106
github.com/GoAdminGroup/go-admin/context.(*Context).Next
	C:/Users/0xkda/go/pkg/mod/github.com/!go!admin!group/go-admin@v1.2.23/context/context.go:101
github.com/GoAdminGroup/go-admin/adapter/beego.(*Beego).AddHandler.func1
	C:/Users/0xkda/go/pkg/mod/github.com/!go!admin!group/go-admin@v1.2.23/adapter/beego/beego.go:90
github.com/astaxie/beego.(*ControllerRegister).ServeHTTP
	C:/Users/0xkda/go/pkg/mod/github.com/astaxie/beego@v1.12.3/router.go:813
net/http.serverHandler.ServeHTTP
	D:/Program Files/Go/src/net/http/server.go:2867
net/http.(*conn).serve
	D:/Program Files/Go/src/net/http/server.go:1932
2021-08-27T20:19:34.374+0800	[31mERROR[0m	controller/handler.go:31	invalid connection
github.com/GoAdminGroup/go-admin/modules/logger.Error
	C:/Users/0xkda/go/pkg/mod/github.com/!go!admin!group/go-admin@v1.2.23/modules/logger/logger.go:285
github.com/GoAdminGroup/go-admin/plugins/admin/controller.(*Handler).GlobalDeferHandler
	C:/Users/0xkda/go/pkg/mod/github.com/!go!admin!group/go-admin@v1.2.23/plugins/admin/controller/handler.go:31
runtime.gopanic
	D:/Program Files/Go/src/runtime/panic.go:965
github.com/GoAdminGroup/go-admin/modules/db.CommonQuery
	C:/Users/0xkda/go/pkg/mod/github.com/!go!admin!group/go-admin@v1.2.23/modules/db/performer.go:20
github.com/GoAdminGroup/go-admin/modules/db.(*Mysql).QueryWithConnection
	C:/Users/0xkda/go/pkg/mod/github.com/!go!admin!group/go-admin@v1.2.23/modules/db/mysql.go:83
github.com/GoAdminGroup/go-admin/modules/db.(*Mysql).QueryWith
	C:/Users/0xkda/go/pkg/mod/github.com/!go!admin!group/go-admin@v1.2.23/modules/db/mysql.go:115
github.com/GoAdminGroup/go-admin/modules/db.(*SQL).First
	C:/Users/0xkda/go/pkg/mod/github.com/!go!admin!group/go-admin@v1.2.23/modules/db/statement.go:424
github.com/GoAdminGroup/go-admin/modules/auth.(*DBDriver).Load
	C:/Users/0xkda/go/pkg/mod/github.com/!go!admin!group/go-admin@v1.2.23/modules/auth/session.go:143
github.com/GoAdminGroup/go-admin/modules/auth.(*Session).StartCtx
	C:/Users/0xkda/go/pkg/mod/github.com/!go!admin!group/go-admin@v1.2.23/modules/auth/session.go:106
github.com/GoAdminGroup/go-admin/modules/auth.InitSession
	C:/Users/0xkda/go/pkg/mod/github.com/!go!admin!group/go-admin@v1.2.23/modules/auth/session.go:132
github.com/GoAdminGroup/go-admin/modules/auth.Filter
	C:/Users/0xkda/go/pkg/mod/github.com/!go!admin!group/go-admin@v1.2.23/modules/auth/middleware.go:159
github.com/GoAdminGroup/go-admin/modules/auth.(*Invoker).Middleware.func1
	C:/Users/0xkda/go/pkg/mod/github.com/!go!admin!group/go-admin@v1.2.23/modules/auth/middleware.go:128
github.com/GoAdminGroup/go-admin/context.(*Context).Next
	C:/Users/0xkda/go/pkg/mod/github.com/!go!admin!group/go-admin@v1.2.23/context/context.go:101
github.com/GoAdminGroup/go-admin/plugins/admin.(*Admin).globalErrorHandler
	C:/Users/0xkda/go/pkg/mod/github.com/!go!admin!group/go-admin@v1.2.23/plugins/admin/router.go:106
github.com/GoAdminGroup/go-admin/context.(*Context).Next
	C:/Users/0xkda/go/pkg/mod/github.com/!go!admin!group/go-admin@v1.2.23/context/context.go:101
github.com/GoAdminGroup/go-admin/adapter/beego.(*Beego).AddHandler.func1
	C:/Users/0xkda/go/pkg/mod/github.com/!go!admin!group/go-admin@v1.2.23/adapter/beego/beego.go:90
github.com/astaxie/beego.(*ControllerRegister).ServeHTTP
	C:/Users/0xkda/go/pkg/mod/github.com/astaxie/beego@v1.12.3/router.go:813
net/http.serverHandler.ServeHTTP
	D:/Program Files/Go/src/net/http/server.go:2867
net/http.(*conn).serve
	D:/Program Files/Go/src/net/http/server.go:1932
2021-08-27T20:50:54.436+0800	[31mERROR[0m	controller/handler.go:31	invalid connection
github.com/GoAdminGroup/go-admin/modules/logger.Error
	C:/Users/0xkda/go/pkg/mod/github.com/!go!admin!group/go-admin@v1.2.23/modules/logger/logger.go:285
github.com/GoAdminGroup/go-admin/plugins/admin/controller.(*Handler).GlobalDeferHandler
	C:/Users/0xkda/go/pkg/mod/github.com/!go!admin!group/go-admin@v1.2.23/plugins/admin/controller/handler.go:31
runtime.gopanic
	D:/Program Files/Go/src/runtime/panic.go:965
github.com/GoAdminGroup/go-admin/modules/db.CommonQuery
	C:/Users/0xkda/go/pkg/mod/github.com/!go!admin!group/go-admin@v1.2.23/modules/db/performer.go:20
github.com/GoAdminGroup/go-admin/modules/db.(*Mysql).QueryWithConnection
	C:/Users/0xkda/go/pkg/mod/github.com/!go!admin!group/go-admin@v1.2.23/modules/db/mysql.go:83
github.com/GoAdminGroup/go-admin/modules/db.(*Mysql).QueryWith
	C:/Users/0xkda/go/pkg/mod/github.com/!go!admin!group/go-admin@v1.2.23/modules/db/mysql.go:115
github.com/GoAdminGroup/go-admin/modules/db.(*SQL).First
	C:/Users/0xkda/go/pkg/mod/github.com/!go!admin!group/go-admin@v1.2.23/modules/db/statement.go:424
github.com/GoAdminGroup/go-admin/modules/auth.(*DBDriver).Load
	C:/Users/0xkda/go/pkg/mod/github.com/!go!admin!group/go-admin@v1.2.23/modules/auth/session.go:143
github.com/GoAdminGroup/go-admin/modules/auth.(*Session).StartCtx
	C:/Users/0xkda/go/pkg/mod/github.com/!go!admin!group/go-admin@v1.2.23/modules/auth/session.go:106
github.com/GoAdminGroup/go-admin/modules/auth.InitSession
	C:/Users/0xkda/go/pkg/mod/github.com/!go!admin!group/go-admin@v1.2.23/modules/auth/session.go:132
github.com/GoAdminGroup/go-admin/modules/auth.Filter
	C:/Users/0xkda/go/pkg/mod/github.com/!go!admin!group/go-admin@v1.2.23/modules/auth/middleware.go:159
github.com/GoAdminGroup/go-admin/modules/auth.(*Invoker).Middleware.func1
	C:/Users/0xkda/go/pkg/mod/github.com/!go!admin!group/go-admin@v1.2.23/modules/auth/middleware.go:128
github.com/GoAdminGroup/go-admin/context.(*Context).Next
	C:/Users/0xkda/go/pkg/mod/github.com/!go!admin!group/go-admin@v1.2.23/context/context.go:101
github.com/GoAdminGroup/go-admin/plugins/admin.(*Admin).globalErrorHandler
	C:/Users/0xkda/go/pkg/mod/github.com/!go!admin!group/go-admin@v1.2.23/plugins/admin/router.go:106
github.com/GoAdminGroup/go-admin/context.(*Context).Next
	C:/Users/0xkda/go/pkg/mod/github.com/!go!admin!group/go-admin@v1.2.23/context/context.go:101
github.com/GoAdminGroup/go-admin/adapter/beego.(*Beego).AddHandler.func1
	C:/Users/0xkda/go/pkg/mod/github.com/!go!admin!group/go-admin@v1.2.23/adapter/beego/beego.go:90
github.com/astaxie/beego.(*ControllerRegister).ServeHTTP
	C:/Users/0xkda/go/pkg/mod/github.com/astaxie/beego@v1.12.3/router.go:813
net/http.serverHandler.ServeHTTP
	D:/Program Files/Go/src/net/http/server.go:2867
net/http.(*conn).serve
	D:/Program Files/Go/src/net/http/server.go:1932
2021-08-27T20:50:54.465+0800	[31mERROR[0m	controller/new.go:118	insert data error: 56:29: expected selector or type assertion, found ')' (and 3 more errors)
github.com/GoAdminGroup/go-admin/modules/logger.Error
	C:/Users/0xkda/go/pkg/mod/github.com/!go!admin!group/go-admin@v1.2.23/modules/logger/logger.go:285
github.com/GoAdminGroup/go-admin/plugins/admin/controller.(*Handler).NewForm
	C:/Users/0xkda/go/pkg/mod/github.com/!go!admin!group/go-admin@v1.2.23/plugins/admin/controller/new.go:118
github.com/GoAdminGroup/go-admin/context.(*Context).Next
	C:/Users/0xkda/go/pkg/mod/github.com/!go!admin!group/go-admin@v1.2.23/context/context.go:101
github.com/GoAdminGroup/go-admin/plugins/admin/modules/guard.(*Guard).NewForm
	C:/Users/0xkda/go/pkg/mod/github.com/!go!admin!group/go-admin@v1.2.23/plugins/admin/modules/guard/new.go:121
github.com/GoAdminGroup/go-admin/context.(*Context).Next
	C:/Users/0xkda/go/pkg/mod/github.com/!go!admin!group/go-admin@v1.2.23/context/context.go:101
github.com/GoAdminGroup/go-admin/plugins/admin/modules/guard.(*Guard).CheckPrefix
	C:/Users/0xkda/go/pkg/mod/github.com/!go!admin!group/go-admin@v1.2.23/plugins/admin/modules/guard/guard.go:51
github.com/GoAdminGroup/go-admin/context.(*Context).Next
	C:/Users/0xkda/go/pkg/mod/github.com/!go!admin!group/go-admin@v1.2.23/context/context.go:101
github.com/GoAdminGroup/go-admin/adapter/beego.(*Beego).AddHandler.func1
	C:/Users/0xkda/go/pkg/mod/github.com/!go!admin!group/go-admin@v1.2.23/adapter/beego/beego.go:90
github.com/astaxie/beego.(*ControllerRegister).ServeHTTP
	C:/Users/0xkda/go/pkg/mod/github.com/astaxie/beego@v1.12.3/router.go:813
net/http.serverHandler.ServeHTTP
	D:/Program Files/Go/src/net/http/server.go:2867
net/http.(*conn).serve
	D:/Program Files/Go/src/net/http/server.go:1932
2021-08-27T20:51:08.386+0800	[31mERROR[0m	controller/new.go:118	insert data error: 56:29: expected selector or type assertion, found ')' (and 3 more errors)
github.com/GoAdminGroup/go-admin/modules/logger.Error
	C:/Users/0xkda/go/pkg/mod/github.com/!go!admin!group/go-admin@v1.2.23/modules/logger/logger.go:285
github.com/GoAdminGroup/go-admin/plugins/admin/controller.(*Handler).NewForm
	C:/Users/0xkda/go/pkg/mod/github.com/!go!admin!group/go-admin@v1.2.23/plugins/admin/controller/new.go:118
github.com/GoAdminGroup/go-admin/context.(*Context).Next
	C:/Users/0xkda/go/pkg/mod/github.com/!go!admin!group/go-admin@v1.2.23/context/context.go:101
github.com/GoAdminGroup/go-admin/plugins/admin/modules/guard.(*Guard).NewForm
	C:/Users/0xkda/go/pkg/mod/github.com/!go!admin!group/go-admin@v1.2.23/plugins/admin/modules/guard/new.go:121
github.com/GoAdminGroup/go-admin/context.(*Context).Next
	C:/Users/0xkda/go/pkg/mod/github.com/!go!admin!group/go-admin@v1.2.23/context/context.go:101
github.com/GoAdminGroup/go-admin/plugins/admin/modules/guard.(*Guard).CheckPrefix
	C:/Users/0xkda/go/pkg/mod/github.com/!go!admin!group/go-admin@v1.2.23/plugins/admin/modules/guard/guard.go:51
github.com/GoAdminGroup/go-admin/context.(*Context).Next
	C:/Users/0xkda/go/pkg/mod/github.com/!go!admin!group/go-admin@v1.2.23/context/context.go:101
github.com/GoAdminGroup/go-admin/modules/auth.(*Invoker).Middleware.func1
	C:/Users/0xkda/go/pkg/mod/github.com/!go!admin!group/go-admin@v1.2.23/modules/auth/middleware.go:132
github.com/GoAdminGroup/go-admin/context.(*Context).Next
	C:/Users/0xkda/go/pkg/mod/github.com/!go!admin!group/go-admin@v1.2.23/context/context.go:101
github.com/GoAdminGroup/go-admin/plugins/admin.(*Admin).globalErrorHandler
	C:/Users/0xkda/go/pkg/mod/github.com/!go!admin!group/go-admin@v1.2.23/plugins/admin/router.go:106
github.com/GoAdminGroup/go-admin/context.(*Context).Next
	C:/Users/0xkda/go/pkg/mod/github.com/!go!admin!group/go-admin@v1.2.23/context/context.go:101
github.com/GoAdminGroup/go-admin/adapter/beego.(*Beego).AddHandler.func1
	C:/Users/0xkda/go/pkg/mod/github.com/!go!admin!group/go-admin@v1.2.23/adapter/beego/beego.go:90
github.com/astaxie/beego.(*ControllerRegister).ServeHTTP
	C:/Users/0xkda/go/pkg/mod/github.com/astaxie/beego@v1.12.3/router.go:813
net/http.serverHandler.ServeHTTP
	D:/Program Files/Go/src/net/http/server.go:2867
net/http.(*conn).serve
	D:/Program Files/Go/src/net/http/server.go:1932
2021-08-27T20:51:15.896+0800	[31mERROR[0m	controller/new.go:118	insert data error: 56:29: expected selector or type assertion, found ')' (and 3 more errors)
github.com/GoAdminGroup/go-admin/modules/logger.Error
	C:/Users/0xkda/go/pkg/mod/github.com/!go!admin!group/go-admin@v1.2.23/modules/logger/logger.go:285
github.com/GoAdminGroup/go-admin/plugins/admin/controller.(*Handler).NewForm
	C:/Users/0xkda/go/pkg/mod/github.com/!go!admin!group/go-admin@v1.2.23/plugins/admin/controller/new.go:118
github.com/GoAdminGroup/go-admin/context.(*Context).Next
	C:/Users/0xkda/go/pkg/mod/github.com/!go!admin!group/go-admin@v1.2.23/context/context.go:101
github.com/GoAdminGroup/go-admin/plugins/admin/modules/guard.(*Guard).NewForm
	C:/Users/0xkda/go/pkg/mod/github.com/!go!admin!group/go-admin@v1.2.23/plugins/admin/modules/guard/new.go:121
github.com/GoAdminGroup/go-admin/context.(*Context).Next
	C:/Users/0xkda/go/pkg/mod/github.com/!go!admin!group/go-admin@v1.2.23/context/context.go:101
github.com/GoAdminGroup/go-admin/plugins/admin/modules/guard.(*Guard).CheckPrefix
	C:/Users/0xkda/go/pkg/mod/github.com/!go!admin!group/go-admin@v1.2.23/plugins/admin/modules/guard/guard.go:51
github.com/GoAdminGroup/go-admin/context.(*Context).Next
	C:/Users/0xkda/go/pkg/mod/github.com/!go!admin!group/go-admin@v1.2.23/context/context.go:101
github.com/GoAdminGroup/go-admin/modules/auth.(*Invoker).Middleware.func1
	C:/Users/0xkda/go/pkg/mod/github.com/!go!admin!group/go-admin@v1.2.23/modules/auth/middleware.go:132
github.com/GoAdminGroup/go-admin/context.(*Context).Next
	C:/Users/0xkda/go/pkg/mod/github.com/!go!admin!group/go-admin@v1.2.23/context/context.go:101
github.com/GoAdminGroup/go-admin/plugins/admin.(*Admin).globalErrorHandler
	C:/Users/0xkda/go/pkg/mod/github.com/!go!admin!group/go-admin@v1.2.23/plugins/admin/router.go:106
github.com/GoAdminGroup/go-admin/context.(*Context).Next
	C:/Users/0xkda/go/pkg/mod/github.com/!go!admin!group/go-admin@v1.2.23/context/context.go:101
github.com/GoAdminGroup/go-admin/adapter/beego.(*Beego).AddHandler.func1
	C:/Users/0xkda/go/pkg/mod/github.com/!go!admin!group/go-admin@v1.2.23/adapter/beego/beego.go:90
github.com/astaxie/beego.(*ControllerRegister).ServeHTTP
	C:/Users/0xkda/go/pkg/mod/github.com/astaxie/beego@v1.12.3/router.go:813
net/http.serverHandler.ServeHTTP
	D:/Program Files/Go/src/net/http/server.go:2867
net/http.(*conn).serve
	D:/Program Files/Go/src/net/http/server.go:1932
2021-08-27T21:04:19.584+0800	[31mERROR[0m	engine/engine.go:323	invalid connection
github.com/GoAdminGroup/go-admin/modules/logger.Error
	C:/Users/0xkda/go/pkg/mod/github.com/!go!admin!group/go-admin@v1.2.23/modules/logger/logger.go:285
github.com/GoAdminGroup/go-admin/engine.(*Engine).deferHandler.func1.1
	C:/Users/0xkda/go/pkg/mod/github.com/!go!admin!group/go-admin@v1.2.23/engine/engine.go:323
runtime.gopanic
	D:/Program Files/Go/src/runtime/panic.go:965
github.com/GoAdminGroup/go-admin/modules/db.CommonQuery
	C:/Users/0xkda/go/pkg/mod/github.com/!go!admin!group/go-admin@v1.2.23/modules/db/performer.go:20
github.com/GoAdminGroup/go-admin/modules/db.(*Mysql).QueryWithConnection
	C:/Users/0xkda/go/pkg/mod/github.com/!go!admin!group/go-admin@v1.2.23/modules/db/mysql.go:83
github.com/GoAdminGroup/go-admin/modules/db.(*Mysql).QueryWith
	C:/Users/0xkda/go/pkg/mod/github.com/!go!admin!group/go-admin@v1.2.23/modules/db/mysql.go:115
github.com/GoAdminGroup/go-admin/modules/db.(*SQL).First
	C:/Users/0xkda/go/pkg/mod/github.com/!go!admin!group/go-admin@v1.2.23/modules/db/statement.go:424
github.com/GoAdminGroup/go-admin/modules/auth.(*DBDriver).Load
	C:/Users/0xkda/go/pkg/mod/github.com/!go!admin!group/go-admin@v1.2.23/modules/auth/session.go:143
github.com/GoAdminGroup/go-admin/modules/auth.(*Session).StartCtx
	C:/Users/0xkda/go/pkg/mod/github.com/!go!admin!group/go-admin@v1.2.23/modules/auth/session.go:106
github.com/GoAdminGroup/go-admin/modules/auth.InitSession
	C:/Users/0xkda/go/pkg/mod/github.com/!go!admin!group/go-admin@v1.2.23/modules/auth/session.go:132
github.com/GoAdminGroup/go-admin/modules/auth.Filter
	C:/Users/0xkda/go/pkg/mod/github.com/!go!admin!group/go-admin@v1.2.23/modules/auth/middleware.go:159
github.com/GoAdminGroup/go-admin/modules/auth.(*Invoker).Middleware.func1
	C:/Users/0xkda/go/pkg/mod/github.com/!go!admin!group/go-admin@v1.2.23/modules/auth/middleware.go:128
github.com/GoAdminGroup/go-admin/context.(*Context).Next
	C:/Users/0xkda/go/pkg/mod/github.com/!go!admin!group/go-admin@v1.2.23/context/context.go:101
github.com/GoAdminGroup/go-admin/engine.(*Engine).deferHandler.func1
	C:/Users/0xkda/go/pkg/mod/github.com/!go!admin!group/go-admin@v1.2.23/engine/engine.go:350
github.com/GoAdminGroup/go-admin/context.(*Context).Next
	C:/Users/0xkda/go/pkg/mod/github.com/!go!admin!group/go-admin@v1.2.23/context/context.go:101
github.com/GoAdminGroup/go-admin/adapter/beego.(*Beego).AddHandler.func1
	C:/Users/0xkda/go/pkg/mod/github.com/!go!admin!group/go-admin@v1.2.23/adapter/beego/beego.go:90
github.com/astaxie/beego.(*ControllerRegister).ServeHTTP
	C:/Users/0xkda/go/pkg/mod/github.com/astaxie/beego@v1.12.3/router.go:813
net/http.serverHandler.ServeHTTP
	D:/Program Files/Go/src/net/http/server.go:2867
net/http.(*conn).serve
	D:/Program Files/Go/src/net/http/server.go:1932
2021-08-27T21:04:19.585+0800	[31mERROR[0m	engine/engine.go:324	goroutine 51 [running]:
runtime/debug.Stack(0xc00010e3c8, 0x13def02, 0x0)
	D:/Program Files/Go/src/runtime/debug/stack.go:24 +0xa5
github.com/GoAdminGroup/go-admin/engine.(*Engine).deferHandler.func1.1(0x1a3c820, 0xc0004a8700, 0xc0003f90e0, 0xc00034e040)
	C:/Users/0xkda/go/pkg/mod/github.com/!go!admin!group/go-admin@v1.2.23/engine/engine.go:324 +0x38f
panic(0x13def00, 0xc000386a70)
	D:/Program Files/Go/src/runtime/panic.go:965 +0x1c7
github.com/GoAdminGroup/go-admin/modules/db.CommonQuery(0xc0004a6f70, 0xc00002c4b0, 0x2f, 0xc000364040, 0x1, 0x1, 0x0, 0x0, 0x0, 0x0, ...)
	C:/Users/0xkda/go/pkg/mod/github.com/!go!admin!group/go-admin@v1.2.23/modules/db/performer.go:20 +0x796
github.com/GoAdminGroup/go-admin/modules/db.(*Mysql).QueryWithConnection(...)
	C:/Users/0xkda/go/pkg/mod/github.com/!go!admin!group/go-admin@v1.2.23/modules/db/mysql.go:83
github.com/GoAdminGroup/go-admin/modules/db.(*Mysql).QueryWith(0xc0004a8700, 0x0, 0x15195c1, 0x7, 0xc00002c4b0, 0x2f, 0xc000364040, 0x1, 0x1, 0xc000364040, ...)
	C:/Users/0xkda/go/pkg/mod/github.com/!go!admin!group/go-admin@v1.2.23/modules/db/mysql.go:115 +0x157
github.com/GoAdminGroup/go-admin/modules/db.(*SQL).First(0xc00014a140, 0x0, 0x0, 0x0)
	C:/Users/0xkda/go/pkg/mod/github.com/!go!admin!group/go-admin@v1.2.23/modules/db/statement.go:424 +0x115
github.com/GoAdminGroup/go-admin/modules/auth.(*DBDriver).Load(0xc00038a040, 0xc0003a6011, 0x24, 0xc0000d82c0, 0x0, 0x0)
	C:/Users/0xkda/go/pkg/mod/github.com/!go!admin!group/go-admin@v1.2.23/modules/auth/session.go:143 +0x198
github.com/GoAdminGroup/go-admin/modules/auth.(*Session).StartCtx(0xc00039a0f0, 0xc00034e040, 0x0, 0x0, 0xc000903be8)
	C:/Users/0xkda/go/pkg/mod/github.com/!go!admin!group/go-admin@v1.2.23/modules/auth/session.go:106 +0x115
github.com/GoAdminGroup/go-admin/modules/auth.InitSession(0xc00034e040, 0x1a3c820, 0xc0004a8700, 0x0, 0x0, 0x0)
	C:/Users/0xkda/go/pkg/mod/github.com/!go!admin!group/go-admin@v1.2.23/modules/auth/session.go:132 +0x10e
github.com/GoAdminGroup/go-admin/modules/auth.Filter(0xc00034e040, 0x1a3c820, 0xc0004a8700, 0x0, 0x0, 0x0, 0x0, 0x0, 0x0, 0x0, ...)
	C:/Users/0xkda/go/pkg/mod/github.com/!go!admin!group/go-admin@v1.2.23/modules/auth/middleware.go:159 +0x11e
github.com/GoAdminGroup/go-admin/modules/auth.(*Invoker).Middleware.func1(0xc00034e040)
	C:/Users/0xkda/go/pkg/mod/github.com/!go!admin!group/go-admin@v1.2.23/modules/auth/middleware.go:128 +0x96
github.com/GoAdminGroup/go-admin/context.(*Context).Next(0xc00034e040)
	C:/Users/0xkda/go/pkg/mod/github.com/!go!admin!group/go-admin@v1.2.23/context/context.go:101 +0x4b
github.com/GoAdminGroup/go-admin/engine.(*Engine).deferHandler.func1(0xc00034e040)
	C:/Users/0xkda/go/pkg/mod/github.com/!go!admin!group/go-admin@v1.2.23/engine/engine.go:350 +0x7e
github.com/GoAdminGroup/go-admin/context.(*Context).Next(0xc00034e040)
	C:/Users/0xkda/go/pkg/mod/github.com/!go!admin!group/go-admin@v1.2.23/context/context.go:101 +0x4b
github.com/GoAdminGroup/go-admin/adapter/beego.(*Beego).AddHandler.func1(0xc0007b03f0)
	C:/Users/0xkda/go/pkg/mod/github.com/!go!admin!group/go-admin@v1.2.23/adapter/beego/beego.go:90 +0x3e6
github.com/astaxie/beego.(*ControllerRegister).ServeHTTP(0xc00042e480, 0x1a26938, 0xc0004301c0, 0xc000392d00)
	C:/Users/0xkda/go/pkg/mod/github.com/astaxie/beego@v1.12.3/router.go:813 +0x1c7b
net/http.serverHandler.ServeHTTP(0xc0004300e0, 0x1a26938, 0xc0004301c0, 0xc000392d00)
	D:/Program Files/Go/src/net/http/server.go:2867 +0xaa
net/http.(*conn).serve(0xc000493c20, 0x1a29238, 0xc0009120c0)
	D:/Program Files/Go/src/net/http/server.go:1932 +0x8cd
created by net/http.(*Server).Serve
	D:/Program Files/Go/src/net/http/server.go:2993 +0x3b8

github.com/GoAdminGroup/go-admin/modules/logger.Error
	C:/Users/0xkda/go/pkg/mod/github.com/!go!admin!group/go-admin@v1.2.23/modules/logger/logger.go:285
github.com/GoAdminGroup/go-admin/engine.(*Engine).deferHandler.func1.1
	C:/Users/0xkda/go/pkg/mod/github.com/!go!admin!group/go-admin@v1.2.23/engine/engine.go:324
runtime.gopanic
	D:/Program Files/Go/src/runtime/panic.go:965
github.com/GoAdminGroup/go-admin/modules/db.CommonQuery
	C:/Users/0xkda/go/pkg/mod/github.com/!go!admin!group/go-admin@v1.2.23/modules/db/performer.go:20
github.com/GoAdminGroup/go-admin/modules/db.(*Mysql).QueryWithConnection
	C:/Users/0xkda/go/pkg/mod/github.com/!go!admin!group/go-admin@v1.2.23/modules/db/mysql.go:83
github.com/GoAdminGroup/go-admin/modules/db.(*Mysql).QueryWith
	C:/Users/0xkda/go/pkg/mod/github.com/!go!admin!group/go-admin@v1.2.23/modules/db/mysql.go:115
github.com/GoAdminGroup/go-admin/modules/db.(*SQL).First
	C:/Users/0xkda/go/pkg/mod/github.com/!go!admin!group/go-admin@v1.2.23/modules/db/statement.go:424
github.com/GoAdminGroup/go-admin/modules/auth.(*DBDriver).Load
	C:/Users/0xkda/go/pkg/mod/github.com/!go!admin!group/go-admin@v1.2.23/modules/auth/session.go:143
github.com/GoAdminGroup/go-admin/modules/auth.(*Session).StartCtx
	C:/Users/0xkda/go/pkg/mod/github.com/!go!admin!group/go-admin@v1.2.23/modules/auth/session.go:106
github.com/GoAdminGroup/go-admin/modules/auth.InitSession
	C:/Users/0xkda/go/pkg/mod/github.com/!go!admin!group/go-admin@v1.2.23/modules/auth/session.go:132
github.com/GoAdminGroup/go-admin/modules/auth.Filter
	C:/Users/0xkda/go/pkg/mod/github.com/!go!admin!group/go-admin@v1.2.23/modules/auth/middleware.go:159
github.com/GoAdminGroup/go-admin/modules/auth.(*Invoker).Middleware.func1
	C:/Users/0xkda/go/pkg/mod/github.com/!go!admin!group/go-admin@v1.2.23/modules/auth/middleware.go:128
github.com/GoAdminGroup/go-admin/context.(*Context).Next
	C:/Users/0xkda/go/pkg/mod/github.com/!go!admin!group/go-admin@v1.2.23/context/context.go:101
github.com/GoAdminGroup/go-admin/engine.(*Engine).deferHandler.func1
	C:/Users/0xkda/go/pkg/mod/github.com/!go!admin!group/go-admin@v1.2.23/engine/engine.go:350
github.com/GoAdminGroup/go-admin/context.(*Context).Next
	C:/Users/0xkda/go/pkg/mod/github.com/!go!admin!group/go-admin@v1.2.23/context/context.go:101
github.com/GoAdminGroup/go-admin/adapter/beego.(*Beego).AddHandler.func1
	C:/Users/0xkda/go/pkg/mod/github.com/!go!admin!group/go-admin@v1.2.23/adapter/beego/beego.go:90
github.com/astaxie/beego.(*ControllerRegister).ServeHTTP
	C:/Users/0xkda/go/pkg/mod/github.com/astaxie/beego@v1.12.3/router.go:813
net/http.serverHandler.ServeHTTP
	D:/Program Files/Go/src/net/http/server.go:2867
net/http.(*conn).serve
	D:/Program Files/Go/src/net/http/server.go:1932
2021-08-27T21:06:27.352+0800	[31mERROR[0m	controller/handler.go:31	invalid connection
github.com/GoAdminGroup/go-admin/modules/logger.Error
	C:/Users/0xkda/go/pkg/mod/github.com/!go!admin!group/go-admin@v1.2.23/modules/logger/logger.go:285
github.com/GoAdminGroup/go-admin/plugins/admin/controller.(*Handler).GlobalDeferHandler
	C:/Users/0xkda/go/pkg/mod/github.com/!go!admin!group/go-admin@v1.2.23/plugins/admin/controller/handler.go:31
runtime.gopanic
	D:/Program Files/Go/src/runtime/panic.go:965
github.com/GoAdminGroup/go-admin/modules/db.CommonQuery
	C:/Users/0xkda/go/pkg/mod/github.com/!go!admin!group/go-admin@v1.2.23/modules/db/performer.go:20
github.com/GoAdminGroup/go-admin/modules/db.(*Mysql).QueryWithConnection
	C:/Users/0xkda/go/pkg/mod/github.com/!go!admin!group/go-admin@v1.2.23/modules/db/mysql.go:83
github.com/GoAdminGroup/go-admin/modules/db.(*Mysql).QueryWith
	C:/Users/0xkda/go/pkg/mod/github.com/!go!admin!group/go-admin@v1.2.23/modules/db/mysql.go:115
github.com/GoAdminGroup/go-admin/modules/db.(*SQL).First
	C:/Users/0xkda/go/pkg/mod/github.com/!go!admin!group/go-admin@v1.2.23/modules/db/statement.go:424
github.com/GoAdminGroup/go-admin/modules/auth.(*DBDriver).Load
	C:/Users/0xkda/go/pkg/mod/github.com/!go!admin!group/go-admin@v1.2.23/modules/auth/session.go:143
github.com/GoAdminGroup/go-admin/modules/auth.(*Session).StartCtx
	C:/Users/0xkda/go/pkg/mod/github.com/!go!admin!group/go-admin@v1.2.23/modules/auth/session.go:106
github.com/GoAdminGroup/go-admin/modules/auth.InitSession
	C:/Users/0xkda/go/pkg/mod/github.com/!go!admin!group/go-admin@v1.2.23/modules/auth/session.go:132
github.com/GoAdminGroup/go-admin/modules/auth.Filter
	C:/Users/0xkda/go/pkg/mod/github.com/!go!admin!group/go-admin@v1.2.23/modules/auth/middleware.go:159
github.com/GoAdminGroup/go-admin/modules/auth.(*Invoker).Middleware.func1
	C:/Users/0xkda/go/pkg/mod/github.com/!go!admin!group/go-admin@v1.2.23/modules/auth/middleware.go:128
github.com/GoAdminGroup/go-admin/context.(*Context).Next
	C:/Users/0xkda/go/pkg/mod/github.com/!go!admin!group/go-admin@v1.2.23/context/context.go:101
github.com/GoAdminGroup/go-admin/plugins/admin.(*Admin).globalErrorHandler
	C:/Users/0xkda/go/pkg/mod/github.com/!go!admin!group/go-admin@v1.2.23/plugins/admin/router.go:106
github.com/GoAdminGroup/go-admin/context.(*Context).Next
	C:/Users/0xkda/go/pkg/mod/github.com/!go!admin!group/go-admin@v1.2.23/context/context.go:101
github.com/GoAdminGroup/go-admin/adapter/beego.(*Beego).AddHandler.func1
	C:/Users/0xkda/go/pkg/mod/github.com/!go!admin!group/go-admin@v1.2.23/adapter/beego/beego.go:90
github.com/astaxie/beego.(*ControllerRegister).ServeHTTP
	C:/Users/0xkda/go/pkg/mod/github.com/astaxie/beego@v1.12.3/router.go:813
net/http.serverHandler.ServeHTTP
	D:/Program Files/Go/src/net/http/server.go:2867
net/http.(*conn).serve
	D:/Program Files/Go/src/net/http/server.go:1932
2021-09-17T11:35:50.724+0800	[31mERROR[0m	controller/handler.go:31	invalid connection
github.com/GoAdminGroup/go-admin/modules/logger.Error
	C:/Users/0xkda/go/pkg/mod/github.com/!go!admin!group/go-admin@v1.2.23/modules/logger/logger.go:285
github.com/GoAdminGroup/go-admin/plugins/admin/controller.(*Handler).GlobalDeferHandler
	C:/Users/0xkda/go/pkg/mod/github.com/!go!admin!group/go-admin@v1.2.23/plugins/admin/controller/handler.go:31
runtime.gopanic
	D:/Program Files/Go/src/runtime/panic.go:965
github.com/GoAdminGroup/go-admin/modules/db.CommonQuery
	C:/Users/0xkda/go/pkg/mod/github.com/!go!admin!group/go-admin@v1.2.23/modules/db/performer.go:20
github.com/GoAdminGroup/go-admin/modules/db.(*Mysql).QueryWithConnection
	C:/Users/0xkda/go/pkg/mod/github.com/!go!admin!group/go-admin@v1.2.23/modules/db/mysql.go:83
github.com/GoAdminGroup/go-admin/modules/db.(*Mysql).QueryWith
	C:/Users/0xkda/go/pkg/mod/github.com/!go!admin!group/go-admin@v1.2.23/modules/db/mysql.go:115
github.com/GoAdminGroup/go-admin/modules/db.(*SQL).First
	C:/Users/0xkda/go/pkg/mod/github.com/!go!admin!group/go-admin@v1.2.23/modules/db/statement.go:424
github.com/GoAdminGroup/go-admin/plugins/admin/models.UserModel.FindByUserName
	C:/Users/0xkda/go/pkg/mod/github.com/!go!admin!group/go-admin@v1.2.23/plugins/admin/models/user.go:70
github.com/GoAdminGroup/go-admin/modules/auth.Check
	C:/Users/0xkda/go/pkg/mod/github.com/!go!admin!group/go-admin@v1.2.23/modules/auth/auth.go:29
github.com/GoAdminGroup/go-admin/plugins/admin/controller.(*Handler).Auth
	C:/Users/0xkda/go/pkg/mod/github.com/!go!admin!group/go-admin@v1.2.23/plugins/admin/controller/auth.go:51
github.com/GoAdminGroup/go-admin/context.(*Context).Next
	C:/Users/0xkda/go/pkg/mod/github.com/!go!admin!group/go-admin@v1.2.23/context/context.go:101
github.com/GoAdminGroup/go-admin/plugins/admin.(*Admin).globalErrorHandler
	C:/Users/0xkda/go/pkg/mod/github.com/!go!admin!group/go-admin@v1.2.23/plugins/admin/router.go:106
github.com/GoAdminGroup/go-admin/context.(*Context).Next
	C:/Users/0xkda/go/pkg/mod/github.com/!go!admin!group/go-admin@v1.2.23/context/context.go:101
github.com/GoAdminGroup/go-admin/adapter/beego.(*Beego).AddHandler.func1
	C:/Users/0xkda/go/pkg/mod/github.com/!go!admin!group/go-admin@v1.2.23/adapter/beego/beego.go:90
github.com/astaxie/beego.(*ControllerRegister).ServeHTTP
	C:/Users/0xkda/go/pkg/mod/github.com/astaxie/beego@v1.12.3/router.go:813
net/http.serverHandler.ServeHTTP
	D:/Program Files/Go/src/net/http/server.go:2867
net/http.(*conn).serve
	D:/Program Files/Go/src/net/http/server.go:1932
2021-09-17T11:41:26.238+0800	[31mERROR[0m	controller/handler.go:31	invalid connection
github.com/GoAdminGroup/go-admin/modules/logger.Error
	C:/Users/0xkda/go/pkg/mod/github.com/!go!admin!group/go-admin@v1.2.23/modules/logger/logger.go:285
github.com/GoAdminGroup/go-admin/plugins/admin/controller.(*Handler).GlobalDeferHandler
	C:/Users/0xkda/go/pkg/mod/github.com/!go!admin!group/go-admin@v1.2.23/plugins/admin/controller/handler.go:31
runtime.gopanic
	D:/Program Files/Go/src/runtime/panic.go:965
github.com/GoAdminGroup/go-admin/modules/db.CommonQuery
	C:/Users/0xkda/go/pkg/mod/github.com/!go!admin!group/go-admin@v1.2.23/modules/db/performer.go:20
github.com/GoAdminGroup/go-admin/modules/db.(*Mysql).QueryWithConnection
	C:/Users/0xkda/go/pkg/mod/github.com/!go!admin!group/go-admin@v1.2.23/modules/db/mysql.go:83
github.com/GoAdminGroup/go-admin/modules/db.(*Mysql).QueryWith
	C:/Users/0xkda/go/pkg/mod/github.com/!go!admin!group/go-admin@v1.2.23/modules/db/mysql.go:115
github.com/GoAdminGroup/go-admin/modules/db.(*SQL).First
	C:/Users/0xkda/go/pkg/mod/github.com/!go!admin!group/go-admin@v1.2.23/modules/db/statement.go:424
github.com/GoAdminGroup/go-admin/modules/auth.(*DBDriver).Load
	C:/Users/0xkda/go/pkg/mod/github.com/!go!admin!group/go-admin@v1.2.23/modules/auth/session.go:143
github.com/GoAdminGroup/go-admin/modules/auth.(*Session).StartCtx
	C:/Users/0xkda/go/pkg/mod/github.com/!go!admin!group/go-admin@v1.2.23/modules/auth/session.go:106
github.com/GoAdminGroup/go-admin/modules/auth.InitSession
	C:/Users/0xkda/go/pkg/mod/github.com/!go!admin!group/go-admin@v1.2.23/modules/auth/session.go:132
github.com/GoAdminGroup/go-admin/modules/auth.Filter
	C:/Users/0xkda/go/pkg/mod/github.com/!go!admin!group/go-admin@v1.2.23/modules/auth/middleware.go:159
github.com/GoAdminGroup/go-admin/modules/auth.(*Invoker).Middleware.func1
	C:/Users/0xkda/go/pkg/mod/github.com/!go!admin!group/go-admin@v1.2.23/modules/auth/middleware.go:128
github.com/GoAdminGroup/go-admin/context.(*Context).Next
	C:/Users/0xkda/go/pkg/mod/github.com/!go!admin!group/go-admin@v1.2.23/context/context.go:101
github.com/GoAdminGroup/go-admin/plugins/admin.(*Admin).globalErrorHandler
	C:/Users/0xkda/go/pkg/mod/github.com/!go!admin!group/go-admin@v1.2.23/plugins/admin/router.go:106
github.com/GoAdminGroup/go-admin/context.(*Context).Next
	C:/Users/0xkda/go/pkg/mod/github.com/!go!admin!group/go-admin@v1.2.23/context/context.go:101
github.com/GoAdminGroup/go-admin/adapter/beego.(*Beego).AddHandler.func1
	C:/Users/0xkda/go/pkg/mod/github.com/!go!admin!group/go-admin@v1.2.23/adapter/beego/beego.go:90
github.com/astaxie/beego.(*ControllerRegister).ServeHTTP
	C:/Users/0xkda/go/pkg/mod/github.com/astaxie/beego@v1.12.3/router.go:813
net/http.serverHandler.ServeHTTP
	D:/Program Files/Go/src/net/http/server.go:2867
net/http.(*conn).serve
	D:/Program Files/Go/src/net/http/server.go:1932
2021-09-17T11:41:26.250+0800	[31mERROR[0m	controller/handler.go:31	invalid connection
github.com/GoAdminGroup/go-admin/modules/logger.Error
	C:/Users/0xkda/go/pkg/mod/github.com/!go!admin!group/go-admin@v1.2.23/modules/logger/logger.go:285
github.com/GoAdminGroup/go-admin/plugins/admin/controller.(*Handler).GlobalDeferHandler
	C:/Users/0xkda/go/pkg/mod/github.com/!go!admin!group/go-admin@v1.2.23/plugins/admin/controller/handler.go:31
runtime.gopanic
	D:/Program Files/Go/src/runtime/panic.go:965
github.com/GoAdminGroup/go-admin/modules/db.CommonQuery
	C:/Users/0xkda/go/pkg/mod/github.com/!go!admin!group/go-admin@v1.2.23/modules/db/performer.go:20
github.com/GoAdminGroup/go-admin/modules/db.(*Mysql).QueryWithConnection
	C:/Users/0xkda/go/pkg/mod/github.com/!go!admin!group/go-admin@v1.2.23/modules/db/mysql.go:83
github.com/GoAdminGroup/go-admin/modules/db.(*Mysql).QueryWith
	C:/Users/0xkda/go/pkg/mod/github.com/!go!admin!group/go-admin@v1.2.23/modules/db/mysql.go:115
github.com/GoAdminGroup/go-admin/modules/db.(*SQL).First
	C:/Users/0xkda/go/pkg/mod/github.com/!go!admin!group/go-admin@v1.2.23/modules/db/statement.go:424
github.com/GoAdminGroup/go-admin/modules/auth.(*DBDriver).Load
	C:/Users/0xkda/go/pkg/mod/github.com/!go!admin!group/go-admin@v1.2.23/modules/auth/session.go:143
github.com/GoAdminGroup/go-admin/modules/auth.(*Session).StartCtx
	C:/Users/0xkda/go/pkg/mod/github.com/!go!admin!group/go-admin@v1.2.23/modules/auth/session.go:106
github.com/GoAdminGroup/go-admin/modules/auth.InitSession
	C:/Users/0xkda/go/pkg/mod/github.com/!go!admin!group/go-admin@v1.2.23/modules/auth/session.go:132
github.com/GoAdminGroup/go-admin/modules/auth.Filter
	C:/Users/0xkda/go/pkg/mod/github.com/!go!admin!group/go-admin@v1.2.23/modules/auth/middleware.go:159
github.com/GoAdminGroup/go-admin/modules/auth.(*Invoker).Middleware.func1
	C:/Users/0xkda/go/pkg/mod/github.com/!go!admin!group/go-admin@v1.2.23/modules/auth/middleware.go:128
github.com/GoAdminGroup/go-admin/context.(*Context).Next
	C:/Users/0xkda/go/pkg/mod/github.com/!go!admin!group/go-admin@v1.2.23/context/context.go:101
github.com/GoAdminGroup/go-admin/plugins/admin.(*Admin).globalErrorHandler
	C:/Users/0xkda/go/pkg/mod/github.com/!go!admin!group/go-admin@v1.2.23/plugins/admin/router.go:106
github.com/GoAdminGroup/go-admin/context.(*Context).Next
	C:/Users/0xkda/go/pkg/mod/github.com/!go!admin!group/go-admin@v1.2.23/context/context.go:101
github.com/GoAdminGroup/go-admin/adapter/beego.(*Beego).AddHandler.func1
	C:/Users/0xkda/go/pkg/mod/github.com/!go!admin!group/go-admin@v1.2.23/adapter/beego/beego.go:90
github.com/astaxie/beego.(*ControllerRegister).ServeHTTP
	C:/Users/0xkda/go/pkg/mod/github.com/astaxie/beego@v1.12.3/router.go:813
net/http.serverHandler.ServeHTTP
	D:/Program Files/Go/src/net/http/server.go:2867
net/http.(*conn).serve
	D:/Program Files/Go/src/net/http/server.go:1932
2021-09-18T10:49:54.247+0800	[31mERROR[0m	controller/handler.go:31	Error 1146: Table 'wkg.系统配置' doesn't exist
github.com/GoAdminGroup/go-admin/modules/logger.Error
	C:/Users/0xkda/go/pkg/mod/github.com/!go!admin!group/go-admin@v1.2.23/modules/logger/logger.go:285
github.com/GoAdminGroup/go-admin/plugins/admin/controller.(*Handler).GlobalDeferHandler
	C:/Users/0xkda/go/pkg/mod/github.com/!go!admin!group/go-admin@v1.2.23/plugins/admin/controller/handler.go:31
runtime.gopanic
	D:/Program Files/Go/src/runtime/panic.go:965
github.com/GoAdminGroup/go-admin/modules/db.CommonQuery
	C:/Users/0xkda/go/pkg/mod/github.com/!go!admin!group/go-admin@v1.2.23/modules/db/performer.go:20
github.com/GoAdminGroup/go-admin/modules/db.(*Mysql).QueryWithConnection
	C:/Users/0xkda/go/pkg/mod/github.com/!go!admin!group/go-admin@v1.2.23/modules/db/mysql.go:83
github.com/GoAdminGroup/go-admin/modules/db.(*SQL).ShowColumns
	C:/Users/0xkda/go/pkg/mod/github.com/!go!admin!group/go-admin@v1.2.23/modules/db/statement.go:449
github.com/GoAdminGroup/go-admin/plugins/admin/modules/table.(*DefaultTable).getColumns
	C:/Users/0xkda/go/pkg/mod/github.com/!go!admin!group/go-admin@v1.2.23/plugins/admin/modules/table/default.go:1138
github.com/GoAdminGroup/go-admin/plugins/admin/modules/table.(*DefaultTable).GetDataWithId
	C:/Users/0xkda/go/pkg/mod/github.com/!go!admin!group/go-admin@v1.2.23/plugins/admin/modules/table/default.go:646
github.com/GoAdminGroup/go-admin/plugins/admin/controller.(*Handler).showForm
	C:/Users/0xkda/go/pkg/mod/github.com/!go!admin!group/go-admin@v1.2.23/plugins/admin/controller/edit.go:61
github.com/GoAdminGroup/go-admin/plugins/admin/controller.(*Handler).ShowForm
	C:/Users/0xkda/go/pkg/mod/github.com/!go!admin!group/go-admin@v1.2.23/plugins/admin/controller/edit.go:31
github.com/GoAdminGroup/go-admin/context.(*Context).Next
	C:/Users/0xkda/go/pkg/mod/github.com/!go!admin!group/go-admin@v1.2.23/context/context.go:101
github.com/GoAdminGroup/go-admin/plugins/admin/modules/guard.(*Guard).ShowForm
	C:/Users/0xkda/go/pkg/mod/github.com/!go!admin!group/go-admin@v1.2.23/plugins/admin/modules/guard/edit.go:72
github.com/GoAdminGroup/go-admin/context.(*Context).Next
	C:/Users/0xkda/go/pkg/mod/github.com/!go!admin!group/go-admin@v1.2.23/context/context.go:101
github.com/GoAdminGroup/go-admin/plugins/admin/modules/guard.(*Guard).CheckPrefix
	C:/Users/0xkda/go/pkg/mod/github.com/!go!admin!group/go-admin@v1.2.23/plugins/admin/modules/guard/guard.go:51
github.com/GoAdminGroup/go-admin/context.(*Context).Next
	C:/Users/0xkda/go/pkg/mod/github.com/!go!admin!group/go-admin@v1.2.23/context/context.go:101
github.com/GoAdminGroup/go-admin/modules/auth.(*Invoker).Middleware.func1
	C:/Users/0xkda/go/pkg/mod/github.com/!go!admin!group/go-admin@v1.2.23/modules/auth/middleware.go:132
github.com/GoAdminGroup/go-admin/context.(*Context).Next
	C:/Users/0xkda/go/pkg/mod/github.com/!go!admin!group/go-admin@v1.2.23/context/context.go:101
github.com/GoAdminGroup/go-admin/plugins/admin.(*Admin).globalErrorHandler
	C:/Users/0xkda/go/pkg/mod/github.com/!go!admin!group/go-admin@v1.2.23/plugins/admin/router.go:106
github.com/GoAdminGroup/go-admin/context.(*Context).Next
	C:/Users/0xkda/go/pkg/mod/github.com/!go!admin!group/go-admin@v1.2.23/context/context.go:101
github.com/GoAdminGroup/go-admin/adapter/beego.(*Beego).AddHandler.func1
	C:/Users/0xkda/go/pkg/mod/github.com/!go!admin!group/go-admin@v1.2.23/adapter/beego/beego.go:90
github.com/astaxie/beego.(*ControllerRegister).ServeHTTP
	C:/Users/0xkda/go/pkg/mod/github.com/astaxie/beego@v1.12.3/router.go:813
net/http.serverHandler.ServeHTTP
	D:/Program Files/Go/src/net/http/server.go:2867
net/http.(*conn).serve
	D:/Program Files/Go/src/net/http/server.go:1932
2021-09-18T10:50:00.758+0800	[31mERROR[0m	controller/handler.go:31	Error 1146: Table 'wkg.系统配置' doesn't exist
github.com/GoAdminGroup/go-admin/modules/logger.Error
	C:/Users/0xkda/go/pkg/mod/github.com/!go!admin!group/go-admin@v1.2.23/modules/logger/logger.go:285
github.com/GoAdminGroup/go-admin/plugins/admin/controller.(*Handler).GlobalDeferHandler
	C:/Users/0xkda/go/pkg/mod/github.com/!go!admin!group/go-admin@v1.2.23/plugins/admin/controller/handler.go:31
runtime.gopanic
	D:/Program Files/Go/src/runtime/panic.go:965
github.com/GoAdminGroup/go-admin/modules/db.CommonQuery
	C:/Users/0xkda/go/pkg/mod/github.com/!go!admin!group/go-admin@v1.2.23/modules/db/performer.go:20
github.com/GoAdminGroup/go-admin/modules/db.(*Mysql).QueryWithConnection
	C:/Users/0xkda/go/pkg/mod/github.com/!go!admin!group/go-admin@v1.2.23/modules/db/mysql.go:83
github.com/GoAdminGroup/go-admin/modules/db.(*SQL).ShowColumns
	C:/Users/0xkda/go/pkg/mod/github.com/!go!admin!group/go-admin@v1.2.23/modules/db/statement.go:449
github.com/GoAdminGroup/go-admin/plugins/admin/modules/table.(*DefaultTable).getColumns
	C:/Users/0xkda/go/pkg/mod/github.com/!go!admin!group/go-admin@v1.2.23/plugins/admin/modules/table/default.go:1138
github.com/GoAdminGroup/go-admin/plugins/admin/modules/table.(*DefaultTable).GetDataWithId
	C:/Users/0xkda/go/pkg/mod/github.com/!go!admin!group/go-admin@v1.2.23/plugins/admin/modules/table/default.go:646
github.com/GoAdminGroup/go-admin/plugins/admin/controller.(*Handler).showForm
	C:/Users/0xkda/go/pkg/mod/github.com/!go!admin!group/go-admin@v1.2.23/plugins/admin/controller/edit.go:61
github.com/GoAdminGroup/go-admin/plugins/admin/controller.(*Handler).ShowForm
	C:/Users/0xkda/go/pkg/mod/github.com/!go!admin!group/go-admin@v1.2.23/plugins/admin/controller/edit.go:31
github.com/GoAdminGroup/go-admin/context.(*Context).Next
	C:/Users/0xkda/go/pkg/mod/github.com/!go!admin!group/go-admin@v1.2.23/context/context.go:101
github.com/GoAdminGroup/go-admin/plugins/admin/modules/guard.(*Guard).ShowForm
	C:/Users/0xkda/go/pkg/mod/github.com/!go!admin!group/go-admin@v1.2.23/plugins/admin/modules/guard/edit.go:72
github.com/GoAdminGroup/go-admin/context.(*Context).Next
	C:/Users/0xkda/go/pkg/mod/github.com/!go!admin!group/go-admin@v1.2.23/context/context.go:101
github.com/GoAdminGroup/go-admin/plugins/admin/modules/guard.(*Guard).CheckPrefix
	C:/Users/0xkda/go/pkg/mod/github.com/!go!admin!group/go-admin@v1.2.23/plugins/admin/modules/guard/guard.go:51
github.com/GoAdminGroup/go-admin/context.(*Context).Next
	C:/Users/0xkda/go/pkg/mod/github.com/!go!admin!group/go-admin@v1.2.23/context/context.go:101
github.com/GoAdminGroup/go-admin/modules/auth.(*Invoker).Middleware.func1
	C:/Users/0xkda/go/pkg/mod/github.com/!go!admin!group/go-admin@v1.2.23/modules/auth/middleware.go:132
github.com/GoAdminGroup/go-admin/context.(*Context).Next
	C:/Users/0xkda/go/pkg/mod/github.com/!go!admin!group/go-admin@v1.2.23/context/context.go:101
github.com/GoAdminGroup/go-admin/plugins/admin.(*Admin).globalErrorHandler
	C:/Users/0xkda/go/pkg/mod/github.com/!go!admin!group/go-admin@v1.2.23/plugins/admin/router.go:106
github.com/GoAdminGroup/go-admin/context.(*Context).Next
	C:/Users/0xkda/go/pkg/mod/github.com/!go!admin!group/go-admin@v1.2.23/context/context.go:101
github.com/GoAdminGroup/go-admin/adapter/beego.(*Beego).AddHandler.func1
	C:/Users/0xkda/go/pkg/mod/github.com/!go!admin!group/go-admin@v1.2.23/adapter/beego/beego.go:90
github.com/astaxie/beego.(*ControllerRegister).ServeHTTP
	C:/Users/0xkda/go/pkg/mod/github.com/astaxie/beego@v1.12.3/router.go:813
net/http.serverHandler.ServeHTTP
	D:/Program Files/Go/src/net/http/server.go:2867
net/http.(*conn).serve
	D:/Program Files/Go/src/net/http/server.go:1932
2021-09-18T10:50:00.791+0800	[31mERROR[0m	controller/handler.go:31	Error 1146: Table 'wkg.系统配置' doesn't exist
github.com/GoAdminGroup/go-admin/modules/logger.Error
	C:/Users/0xkda/go/pkg/mod/github.com/!go!admin!group/go-admin@v1.2.23/modules/logger/logger.go:285
github.com/GoAdminGroup/go-admin/plugins/admin/controller.(*Handler).GlobalDeferHandler
	C:/Users/0xkda/go/pkg/mod/github.com/!go!admin!group/go-admin@v1.2.23/plugins/admin/controller/handler.go:31
runtime.gopanic
	D:/Program Files/Go/src/runtime/panic.go:965
github.com/GoAdminGroup/go-admin/modules/db.CommonQuery
	C:/Users/0xkda/go/pkg/mod/github.com/!go!admin!group/go-admin@v1.2.23/modules/db/performer.go:20
github.com/GoAdminGroup/go-admin/modules/db.(*Mysql).QueryWithConnection
	C:/Users/0xkda/go/pkg/mod/github.com/!go!admin!group/go-admin@v1.2.23/modules/db/mysql.go:83
github.com/GoAdminGroup/go-admin/modules/db.(*SQL).ShowColumns
	C:/Users/0xkda/go/pkg/mod/github.com/!go!admin!group/go-admin@v1.2.23/modules/db/statement.go:449
github.com/GoAdminGroup/go-admin/plugins/admin/modules/table.(*DefaultTable).getColumns
	C:/Users/0xkda/go/pkg/mod/github.com/!go!admin!group/go-admin@v1.2.23/plugins/admin/modules/table/default.go:1138
github.com/GoAdminGroup/go-admin/plugins/admin/modules/table.(*DefaultTable).GetDataWithId
	C:/Users/0xkda/go/pkg/mod/github.com/!go!admin!group/go-admin@v1.2.23/plugins/admin/modules/table/default.go:646
github.com/GoAdminGroup/go-admin/plugins/admin/controller.(*Handler).showForm
	C:/Users/0xkda/go/pkg/mod/github.com/!go!admin!group/go-admin@v1.2.23/plugins/admin/controller/edit.go:61
github.com/GoAdminGroup/go-admin/plugins/admin/controller.(*Handler).ShowForm
	C:/Users/0xkda/go/pkg/mod/github.com/!go!admin!group/go-admin@v1.2.23/plugins/admin/controller/edit.go:31
github.com/GoAdminGroup/go-admin/context.(*Context).Next
	C:/Users/0xkda/go/pkg/mod/github.com/!go!admin!group/go-admin@v1.2.23/context/context.go:101
github.com/GoAdminGroup/go-admin/plugins/admin/modules/guard.(*Guard).ShowForm
	C:/Users/0xkda/go/pkg/mod/github.com/!go!admin!group/go-admin@v1.2.23/plugins/admin/modules/guard/edit.go:72
github.com/GoAdminGroup/go-admin/context.(*Context).Next
	C:/Users/0xkda/go/pkg/mod/github.com/!go!admin!group/go-admin@v1.2.23/context/context.go:101
github.com/GoAdminGroup/go-admin/plugins/admin/modules/guard.(*Guard).CheckPrefix
	C:/Users/0xkda/go/pkg/mod/github.com/!go!admin!group/go-admin@v1.2.23/plugins/admin/modules/guard/guard.go:51
github.com/GoAdminGroup/go-admin/context.(*Context).Next
	C:/Users/0xkda/go/pkg/mod/github.com/!go!admin!group/go-admin@v1.2.23/context/context.go:101
github.com/GoAdminGroup/go-admin/modules/auth.(*Invoker).Middleware.func1
	C:/Users/0xkda/go/pkg/mod/github.com/!go!admin!group/go-admin@v1.2.23/modules/auth/middleware.go:132
github.com/GoAdminGroup/go-admin/context.(*Context).Next
	C:/Users/0xkda/go/pkg/mod/github.com/!go!admin!group/go-admin@v1.2.23/context/context.go:101
github.com/GoAdminGroup/go-admin/plugins/admin.(*Admin).globalErrorHandler
	C:/Users/0xkda/go/pkg/mod/github.com/!go!admin!group/go-admin@v1.2.23/plugins/admin/router.go:106
github.com/GoAdminGroup/go-admin/context.(*Context).Next
	C:/Users/0xkda/go/pkg/mod/github.com/!go!admin!group/go-admin@v1.2.23/context/context.go:101
github.com/GoAdminGroup/go-admin/adapter/beego.(*Beego).AddHandler.func1
	C:/Users/0xkda/go/pkg/mod/github.com/!go!admin!group/go-admin@v1.2.23/adapter/beego/beego.go:90
github.com/astaxie/beego.(*ControllerRegister).ServeHTTP
	C:/Users/0xkda/go/pkg/mod/github.com/astaxie/beego@v1.12.3/router.go:813
net/http.serverHandler.ServeHTTP
	D:/Program Files/Go/src/net/http/server.go:2867
net/http.(*conn).serve
	D:/Program Files/Go/src/net/http/server.go:1932
2021-09-18T10:50:05.426+0800	[31mERROR[0m	controller/handler.go:31	Error 1146: Table 'wkg.系统配置' doesn't exist
github.com/GoAdminGroup/go-admin/modules/logger.Error
	C:/Users/0xkda/go/pkg/mod/github.com/!go!admin!group/go-admin@v1.2.23/modules/logger/logger.go:285
github.com/GoAdminGroup/go-admin/plugins/admin/controller.(*Handler).GlobalDeferHandler
	C:/Users/0xkda/go/pkg/mod/github.com/!go!admin!group/go-admin@v1.2.23/plugins/admin/controller/handler.go:31
runtime.gopanic
	D:/Program Files/Go/src/runtime/panic.go:965
github.com/GoAdminGroup/go-admin/modules/db.CommonQuery
	C:/Users/0xkda/go/pkg/mod/github.com/!go!admin!group/go-admin@v1.2.23/modules/db/performer.go:20
github.com/GoAdminGroup/go-admin/modules/db.(*Mysql).QueryWithConnection
	C:/Users/0xkda/go/pkg/mod/github.com/!go!admin!group/go-admin@v1.2.23/modules/db/mysql.go:83
github.com/GoAdminGroup/go-admin/modules/db.(*SQL).ShowColumns
	C:/Users/0xkda/go/pkg/mod/github.com/!go!admin!group/go-admin@v1.2.23/modules/db/statement.go:449
github.com/GoAdminGroup/go-admin/plugins/admin/modules/table.(*DefaultTable).getColumns
	C:/Users/0xkda/go/pkg/mod/github.com/!go!admin!group/go-admin@v1.2.23/plugins/admin/modules/table/default.go:1138
github.com/GoAdminGroup/go-admin/plugins/admin/modules/table.(*DefaultTable).GetDataWithId
	C:/Users/0xkda/go/pkg/mod/github.com/!go!admin!group/go-admin@v1.2.23/plugins/admin/modules/table/default.go:646
github.com/GoAdminGroup/go-admin/plugins/admin/controller.(*Handler).showForm
	C:/Users/0xkda/go/pkg/mod/github.com/!go!admin!group/go-admin@v1.2.23/plugins/admin/controller/edit.go:61
github.com/GoAdminGroup/go-admin/plugins/admin/controller.(*Handler).ShowForm
	C:/Users/0xkda/go/pkg/mod/github.com/!go!admin!group/go-admin@v1.2.23/plugins/admin/controller/edit.go:31
github.com/GoAdminGroup/go-admin/context.(*Context).Next
	C:/Users/0xkda/go/pkg/mod/github.com/!go!admin!group/go-admin@v1.2.23/context/context.go:101
github.com/GoAdminGroup/go-admin/plugins/admin/modules/guard.(*Guard).ShowForm
	C:/Users/0xkda/go/pkg/mod/github.com/!go!admin!group/go-admin@v1.2.23/plugins/admin/modules/guard/edit.go:72
github.com/GoAdminGroup/go-admin/context.(*Context).Next
	C:/Users/0xkda/go/pkg/mod/github.com/!go!admin!group/go-admin@v1.2.23/context/context.go:101
github.com/GoAdminGroup/go-admin/plugins/admin/modules/guard.(*Guard).CheckPrefix
	C:/Users/0xkda/go/pkg/mod/github.com/!go!admin!group/go-admin@v1.2.23/plugins/admin/modules/guard/guard.go:51
github.com/GoAdminGroup/go-admin/context.(*Context).Next
	C:/Users/0xkda/go/pkg/mod/github.com/!go!admin!group/go-admin@v1.2.23/context/context.go:101
github.com/GoAdminGroup/go-admin/modules/auth.(*Invoker).Middleware.func1
	C:/Users/0xkda/go/pkg/mod/github.com/!go!admin!group/go-admin@v1.2.23/modules/auth/middleware.go:132
github.com/GoAdminGroup/go-admin/context.(*Context).Next
	C:/Users/0xkda/go/pkg/mod/github.com/!go!admin!group/go-admin@v1.2.23/context/context.go:101
github.com/GoAdminGroup/go-admin/plugins/admin.(*Admin).globalErrorHandler
	C:/Users/0xkda/go/pkg/mod/github.com/!go!admin!group/go-admin@v1.2.23/plugins/admin/router.go:106
github.com/GoAdminGroup/go-admin/context.(*Context).Next
	C:/Users/0xkda/go/pkg/mod/github.com/!go!admin!group/go-admin@v1.2.23/context/context.go:101
github.com/GoAdminGroup/go-admin/adapter/beego.(*Beego).AddHandler.func1
	C:/Users/0xkda/go/pkg/mod/github.com/!go!admin!group/go-admin@v1.2.23/adapter/beego/beego.go:90
github.com/astaxie/beego.(*ControllerRegister).ServeHTTP
	C:/Users/0xkda/go/pkg/mod/github.com/astaxie/beego@v1.12.3/router.go:813
net/http.serverHandler.ServeHTTP
	D:/Program Files/Go/src/net/http/server.go:2867
net/http.(*conn).serve
	D:/Program Files/Go/src/net/http/server.go:1932
2021-09-18T10:50:08.569+0800	[31mERROR[0m	controller/handler.go:31	Error 1146: Table 'wkg.系统配置' doesn't exist
github.com/GoAdminGroup/go-admin/modules/logger.Error
	C:/Users/0xkda/go/pkg/mod/github.com/!go!admin!group/go-admin@v1.2.23/modules/logger/logger.go:285
github.com/GoAdminGroup/go-admin/plugins/admin/controller.(*Handler).GlobalDeferHandler
	C:/Users/0xkda/go/pkg/mod/github.com/!go!admin!group/go-admin@v1.2.23/plugins/admin/controller/handler.go:31
runtime.gopanic
	D:/Program Files/Go/src/runtime/panic.go:965
github.com/GoAdminGroup/go-admin/modules/db.CommonQuery
	C:/Users/0xkda/go/pkg/mod/github.com/!go!admin!group/go-admin@v1.2.23/modules/db/performer.go:20
github.com/GoAdminGroup/go-admin/modules/db.(*Mysql).QueryWithConnection
	C:/Users/0xkda/go/pkg/mod/github.com/!go!admin!group/go-admin@v1.2.23/modules/db/mysql.go:83
github.com/GoAdminGroup/go-admin/modules/db.(*SQL).ShowColumns
	C:/Users/0xkda/go/pkg/mod/github.com/!go!admin!group/go-admin@v1.2.23/modules/db/statement.go:449
github.com/GoAdminGroup/go-admin/plugins/admin/modules/table.(*DefaultTable).getColumns
	C:/Users/0xkda/go/pkg/mod/github.com/!go!admin!group/go-admin@v1.2.23/plugins/admin/modules/table/default.go:1138
github.com/GoAdminGroup/go-admin/plugins/admin/modules/table.(*DefaultTable).GetDataWithId
	C:/Users/0xkda/go/pkg/mod/github.com/!go!admin!group/go-admin@v1.2.23/plugins/admin/modules/table/default.go:646
github.com/GoAdminGroup/go-admin/plugins/admin/controller.(*Handler).showForm
	C:/Users/0xkda/go/pkg/mod/github.com/!go!admin!group/go-admin@v1.2.23/plugins/admin/controller/edit.go:61
github.com/GoAdminGroup/go-admin/plugins/admin/controller.(*Handler).ShowForm
	C:/Users/0xkda/go/pkg/mod/github.com/!go!admin!group/go-admin@v1.2.23/plugins/admin/controller/edit.go:31
github.com/GoAdminGroup/go-admin/context.(*Context).Next
	C:/Users/0xkda/go/pkg/mod/github.com/!go!admin!group/go-admin@v1.2.23/context/context.go:101
github.com/GoAdminGroup/go-admin/plugins/admin/modules/guard.(*Guard).ShowForm
	C:/Users/0xkda/go/pkg/mod/github.com/!go!admin!group/go-admin@v1.2.23/plugins/admin/modules/guard/edit.go:72
github.com/GoAdminGroup/go-admin/context.(*Context).Next
	C:/Users/0xkda/go/pkg/mod/github.com/!go!admin!group/go-admin@v1.2.23/context/context.go:101
github.com/GoAdminGroup/go-admin/plugins/admin/modules/guard.(*Guard).CheckPrefix
	C:/Users/0xkda/go/pkg/mod/github.com/!go!admin!group/go-admin@v1.2.23/plugins/admin/modules/guard/guard.go:51
github.com/GoAdminGroup/go-admin/context.(*Context).Next
	C:/Users/0xkda/go/pkg/mod/github.com/!go!admin!group/go-admin@v1.2.23/context/context.go:101
github.com/GoAdminGroup/go-admin/modules/auth.(*Invoker).Middleware.func1
	C:/Users/0xkda/go/pkg/mod/github.com/!go!admin!group/go-admin@v1.2.23/modules/auth/middleware.go:132
github.com/GoAdminGroup/go-admin/context.(*Context).Next
	C:/Users/0xkda/go/pkg/mod/github.com/!go!admin!group/go-admin@v1.2.23/context/context.go:101
github.com/GoAdminGroup/go-admin/plugins/admin.(*Admin).globalErrorHandler
	C:/Users/0xkda/go/pkg/mod/github.com/!go!admin!group/go-admin@v1.2.23/plugins/admin/router.go:106
github.com/GoAdminGroup/go-admin/context.(*Context).Next
	C:/Users/0xkda/go/pkg/mod/github.com/!go!admin!group/go-admin@v1.2.23/context/context.go:101
github.com/GoAdminGroup/go-admin/adapter/beego.(*Beego).AddHandler.func1
	C:/Users/0xkda/go/pkg/mod/github.com/!go!admin!group/go-admin@v1.2.23/adapter/beego/beego.go:90
github.com/astaxie/beego.(*ControllerRegister).ServeHTTP
	C:/Users/0xkda/go/pkg/mod/github.com/astaxie/beego@v1.12.3/router.go:813
net/http.serverHandler.ServeHTTP
	D:/Program Files/Go/src/net/http/server.go:2867
net/http.(*conn).serve
	D:/Program Files/Go/src/net/http/server.go:1932
2021-09-18T10:50:08.612+0800	[31mERROR[0m	controller/handler.go:31	Error 1146: Table 'wkg.系统配置' doesn't exist
github.com/GoAdminGroup/go-admin/modules/logger.Error
	C:/Users/0xkda/go/pkg/mod/github.com/!go!admin!group/go-admin@v1.2.23/modules/logger/logger.go:285
github.com/GoAdminGroup/go-admin/plugins/admin/controller.(*Handler).GlobalDeferHandler
	C:/Users/0xkda/go/pkg/mod/github.com/!go!admin!group/go-admin@v1.2.23/plugins/admin/controller/handler.go:31
runtime.gopanic
	D:/Program Files/Go/src/runtime/panic.go:965
github.com/GoAdminGroup/go-admin/modules/db.CommonQuery
	C:/Users/0xkda/go/pkg/mod/github.com/!go!admin!group/go-admin@v1.2.23/modules/db/performer.go:20
github.com/GoAdminGroup/go-admin/modules/db.(*Mysql).QueryWithConnection
	C:/Users/0xkda/go/pkg/mod/github.com/!go!admin!group/go-admin@v1.2.23/modules/db/mysql.go:83
github.com/GoAdminGroup/go-admin/modules/db.(*SQL).ShowColumns
	C:/Users/0xkda/go/pkg/mod/github.com/!go!admin!group/go-admin@v1.2.23/modules/db/statement.go:449
github.com/GoAdminGroup/go-admin/plugins/admin/modules/table.(*DefaultTable).getColumns
	C:/Users/0xkda/go/pkg/mod/github.com/!go!admin!group/go-admin@v1.2.23/plugins/admin/modules/table/default.go:1138
github.com/GoAdminGroup/go-admin/plugins/admin/modules/table.(*DefaultTable).GetDataWithId
	C:/Users/0xkda/go/pkg/mod/github.com/!go!admin!group/go-admin@v1.2.23/plugins/admin/modules/table/default.go:646
github.com/GoAdminGroup/go-admin/plugins/admin/controller.(*Handler).showForm
	C:/Users/0xkda/go/pkg/mod/github.com/!go!admin!group/go-admin@v1.2.23/plugins/admin/controller/edit.go:61
github.com/GoAdminGroup/go-admin/plugins/admin/controller.(*Handler).ShowForm
	C:/Users/0xkda/go/pkg/mod/github.com/!go!admin!group/go-admin@v1.2.23/plugins/admin/controller/edit.go:31
github.com/GoAdminGroup/go-admin/context.(*Context).Next
	C:/Users/0xkda/go/pkg/mod/github.com/!go!admin!group/go-admin@v1.2.23/context/context.go:101
github.com/GoAdminGroup/go-admin/plugins/admin/modules/guard.(*Guard).ShowForm
	C:/Users/0xkda/go/pkg/mod/github.com/!go!admin!group/go-admin@v1.2.23/plugins/admin/modules/guard/edit.go:72
github.com/GoAdminGroup/go-admin/context.(*Context).Next
	C:/Users/0xkda/go/pkg/mod/github.com/!go!admin!group/go-admin@v1.2.23/context/context.go:101
github.com/GoAdminGroup/go-admin/plugins/admin/modules/guard.(*Guard).CheckPrefix
	C:/Users/0xkda/go/pkg/mod/github.com/!go!admin!group/go-admin@v1.2.23/plugins/admin/modules/guard/guard.go:51
github.com/GoAdminGroup/go-admin/context.(*Context).Next
	C:/Users/0xkda/go/pkg/mod/github.com/!go!admin!group/go-admin@v1.2.23/context/context.go:101
github.com/GoAdminGroup/go-admin/modules/auth.(*Invoker).Middleware.func1
	C:/Users/0xkda/go/pkg/mod/github.com/!go!admin!group/go-admin@v1.2.23/modules/auth/middleware.go:132
github.com/GoAdminGroup/go-admin/context.(*Context).Next
	C:/Users/0xkda/go/pkg/mod/github.com/!go!admin!group/go-admin@v1.2.23/context/context.go:101
github.com/GoAdminGroup/go-admin/plugins/admin.(*Admin).globalErrorHandler
	C:/Users/0xkda/go/pkg/mod/github.com/!go!admin!group/go-admin@v1.2.23/plugins/admin/router.go:106
github.com/GoAdminGroup/go-admin/context.(*Context).Next
	C:/Users/0xkda/go/pkg/mod/github.com/!go!admin!group/go-admin@v1.2.23/context/context.go:101
github.com/GoAdminGroup/go-admin/adapter/beego.(*Beego).AddHandler.func1
	C:/Users/0xkda/go/pkg/mod/github.com/!go!admin!group/go-admin@v1.2.23/adapter/beego/beego.go:90
github.com/astaxie/beego.(*ControllerRegister).ServeHTTP
	C:/Users/0xkda/go/pkg/mod/github.com/astaxie/beego@v1.12.3/router.go:813
net/http.serverHandler.ServeHTTP
	D:/Program Files/Go/src/net/http/server.go:2867
net/http.(*conn).serve
	D:/Program Files/Go/src/net/http/server.go:1932
2021-09-18T10:51:51.508+0800	[31mERROR[0m	controller/handler.go:31	Error 1146: Table 'wkg.系统配置' doesn't exist
github.com/GoAdminGroup/go-admin/modules/logger.Error
	C:/Users/0xkda/go/pkg/mod/github.com/!go!admin!group/go-admin@v1.2.23/modules/logger/logger.go:285
github.com/GoAdminGroup/go-admin/plugins/admin/controller.(*Handler).GlobalDeferHandler
	C:/Users/0xkda/go/pkg/mod/github.com/!go!admin!group/go-admin@v1.2.23/plugins/admin/controller/handler.go:31
runtime.gopanic
	D:/Program Files/Go/src/runtime/panic.go:965
github.com/GoAdminGroup/go-admin/modules/db.CommonQuery
	C:/Users/0xkda/go/pkg/mod/github.com/!go!admin!group/go-admin@v1.2.23/modules/db/performer.go:20
github.com/GoAdminGroup/go-admin/modules/db.(*Mysql).QueryWithConnection
	C:/Users/0xkda/go/pkg/mod/github.com/!go!admin!group/go-admin@v1.2.23/modules/db/mysql.go:83
github.com/GoAdminGroup/go-admin/modules/db.(*SQL).ShowColumns
	C:/Users/0xkda/go/pkg/mod/github.com/!go!admin!group/go-admin@v1.2.23/modules/db/statement.go:449
github.com/GoAdminGroup/go-admin/plugins/admin/modules/table.(*DefaultTable).getColumns
	C:/Users/0xkda/go/pkg/mod/github.com/!go!admin!group/go-admin@v1.2.23/plugins/admin/modules/table/default.go:1138
github.com/GoAdminGroup/go-admin/plugins/admin/modules/table.(*DefaultTable).getDataFromDatabase
	C:/Users/0xkda/go/pkg/mod/github.com/!go!admin!group/go-admin@v1.2.23/plugins/admin/modules/table/default.go:483
github.com/GoAdminGroup/go-admin/plugins/admin/modules/table.(*DefaultTable).GetData
	C:/Users/0xkda/go/pkg/mod/github.com/!go!admin!group/go-admin@v1.2.23/plugins/admin/modules/table/default.go:148
github.com/GoAdminGroup/go-admin/plugins/admin/controller.(*Handler).showTableData
	C:/Users/0xkda/go/pkg/mod/github.com/!go!admin!group/go-admin@v1.2.23/plugins/admin/controller/show.go:70
github.com/GoAdminGroup/go-admin/plugins/admin/controller.(*Handler).showTable
	C:/Users/0xkda/go/pkg/mod/github.com/!go!admin!group/go-admin@v1.2.23/plugins/admin/controller/show.go:102
github.com/GoAdminGroup/go-admin/plugins/admin/controller.(*Handler).EditForm
	C:/Users/0xkda/go/pkg/mod/github.com/!go!admin!group/go-admin@v1.2.23/plugins/admin/controller/edit.go:226
github.com/GoAdminGroup/go-admin/context.(*Context).Next
	C:/Users/0xkda/go/pkg/mod/github.com/!go!admin!group/go-admin@v1.2.23/context/context.go:101
github.com/GoAdminGroup/go-admin/plugins/admin/modules/guard.(*Guard).EditForm
	C:/Users/0xkda/go/pkg/mod/github.com/!go!admin!group/go-admin@v1.2.23/plugins/admin/modules/guard/edit.go:143
github.com/GoAdminGroup/go-admin/context.(*Context).Next
	C:/Users/0xkda/go/pkg/mod/github.com/!go!admin!group/go-admin@v1.2.23/context/context.go:101
github.com/GoAdminGroup/go-admin/plugins/admin/modules/guard.(*Guard).CheckPrefix
	C:/Users/0xkda/go/pkg/mod/github.com/!go!admin!group/go-admin@v1.2.23/plugins/admin/modules/guard/guard.go:51
github.com/GoAdminGroup/go-admin/context.(*Context).Next
	C:/Users/0xkda/go/pkg/mod/github.com/!go!admin!group/go-admin@v1.2.23/context/context.go:101
github.com/GoAdminGroup/go-admin/modules/auth.(*Invoker).Middleware.func1
	C:/Users/0xkda/go/pkg/mod/github.com/!go!admin!group/go-admin@v1.2.23/modules/auth/middleware.go:132
github.com/GoAdminGroup/go-admin/context.(*Context).Next
	C:/Users/0xkda/go/pkg/mod/github.com/!go!admin!group/go-admin@v1.2.23/context/context.go:101
github.com/GoAdminGroup/go-admin/plugins/admin.(*Admin).globalErrorHandler
	C:/Users/0xkda/go/pkg/mod/github.com/!go!admin!group/go-admin@v1.2.23/plugins/admin/router.go:106
github.com/GoAdminGroup/go-admin/context.(*Context).Next
	C:/Users/0xkda/go/pkg/mod/github.com/!go!admin!group/go-admin@v1.2.23/context/context.go:101
github.com/GoAdminGroup/go-admin/adapter/beego.(*Beego).AddHandler.func1
	C:/Users/0xkda/go/pkg/mod/github.com/!go!admin!group/go-admin@v1.2.23/adapter/beego/beego.go:90
github.com/astaxie/beego.(*ControllerRegister).ServeHTTP
	C:/Users/0xkda/go/pkg/mod/github.com/astaxie/beego@v1.12.3/router.go:813
net/http.serverHandler.ServeHTTP
	D:/Program Files/Go/src/net/http/server.go:2867
net/http.(*conn).serve
	D:/Program Files/Go/src/net/http/server.go:1932
2021-09-18T11:25:55.741+0800	[31mFATAL[0m	pages/domains.go:42	pages\domains.go line:41 err:Error 1146: Table 'wkg.companies' doesn't exist
github.com/GoAdminGroup/go-admin/modules/logger.Fatal
	C:/Users/0xkda/go/pkg/mod/github.com/!go!admin!group/go-admin@v1.2.23/modules/logger/logger.go:299
WKG/pages.GetDomainsTable.func1
	F:/project/WKG/WKG/pages/domains.go:42
github.com/GoAdminGroup/go-admin/plugins/admin/controller.(*Handler).showTable
	C:/Users/0xkda/go/pkg/mod/github.com/!go!admin!group/go-admin@v1.2.23/plugins/admin/controller/show.go:281
github.com/GoAdminGroup/go-admin/plugins/admin/controller.(*Handler).ShowInfo
	C:/Users/0xkda/go/pkg/mod/github.com/!go!admin!group/go-admin@v1.2.23/plugins/admin/controller/show.go:60
github.com/GoAdminGroup/go-admin/context.(*Context).Next
	C:/Users/0xkda/go/pkg/mod/github.com/!go!admin!group/go-admin@v1.2.23/context/context.go:101
github.com/GoAdminGroup/go-admin/plugins/admin/modules/guard.(*Guard).CheckPrefix
	C:/Users/0xkda/go/pkg/mod/github.com/!go!admin!group/go-admin@v1.2.23/plugins/admin/modules/guard/guard.go:51
github.com/GoAdminGroup/go-admin/context.(*Context).Next
	C:/Users/0xkda/go/pkg/mod/github.com/!go!admin!group/go-admin@v1.2.23/context/context.go:101
github.com/GoAdminGroup/go-admin/modules/auth.(*Invoker).Middleware.func1
	C:/Users/0xkda/go/pkg/mod/github.com/!go!admin!group/go-admin@v1.2.23/modules/auth/middleware.go:132
github.com/GoAdminGroup/go-admin/context.(*Context).Next
	C:/Users/0xkda/go/pkg/mod/github.com/!go!admin!group/go-admin@v1.2.23/context/context.go:101
github.com/GoAdminGroup/go-admin/plugins/admin.(*Admin).globalErrorHandler
	C:/Users/0xkda/go/pkg/mod/github.com/!go!admin!group/go-admin@v1.2.23/plugins/admin/router.go:106
github.com/GoAdminGroup/go-admin/context.(*Context).Next
	C:/Users/0xkda/go/pkg/mod/github.com/!go!admin!group/go-admin@v1.2.23/context/context.go:101
github.com/GoAdminGroup/go-admin/adapter/beego.(*Beego).AddHandler.func1
	C:/Users/0xkda/go/pkg/mod/github.com/!go!admin!group/go-admin@v1.2.23/adapter/beego/beego.go:90
github.com/astaxie/beego.(*ControllerRegister).ServeHTTP
	C:/Users/0xkda/go/pkg/mod/github.com/astaxie/beego@v1.12.3/router.go:813
net/http.serverHandler.ServeHTTP
	D:/Program Files/Go/src/net/http/server.go:2867
net/http.(*conn).serve
	D:/Program Files/Go/src/net/http/server.go:1932
2021-09-18T11:39:49.031+0800	[31mERROR[0m	controller/handler.go:31	invalid connection
github.com/GoAdminGroup/go-admin/modules/logger.Error
	C:/Users/0xkda/go/pkg/mod/github.com/!go!admin!group/go-admin@v1.2.23/modules/logger/logger.go:285
github.com/GoAdminGroup/go-admin/plugins/admin/controller.(*Handler).GlobalDeferHandler
	C:/Users/0xkda/go/pkg/mod/github.com/!go!admin!group/go-admin@v1.2.23/plugins/admin/controller/handler.go:31
runtime.gopanic
	D:/Program Files/Go/src/runtime/panic.go:965
github.com/GoAdminGroup/go-admin/modules/db.CommonQuery
	C:/Users/0xkda/go/pkg/mod/github.com/!go!admin!group/go-admin@v1.2.23/modules/db/performer.go:20
github.com/GoAdminGroup/go-admin/modules/db.(*Mysql).QueryWithConnection
	C:/Users/0xkda/go/pkg/mod/github.com/!go!admin!group/go-admin@v1.2.23/modules/db/mysql.go:83
github.com/GoAdminGroup/go-admin/modules/db.(*Mysql).QueryWith
	C:/Users/0xkda/go/pkg/mod/github.com/!go!admin!group/go-admin@v1.2.23/modules/db/mysql.go:115
github.com/GoAdminGroup/go-admin/modules/db.(*SQL).First
	C:/Users/0xkda/go/pkg/mod/github.com/!go!admin!group/go-admin@v1.2.23/modules/db/statement.go:424
github.com/GoAdminGroup/go-admin/modules/auth.(*DBDriver).Load
	C:/Users/0xkda/go/pkg/mod/github.com/!go!admin!group/go-admin@v1.2.23/modules/auth/session.go:143
github.com/GoAdminGroup/go-admin/modules/auth.(*Session).StartCtx
	C:/Users/0xkda/go/pkg/mod/github.com/!go!admin!group/go-admin@v1.2.23/modules/auth/session.go:106
github.com/GoAdminGroup/go-admin/modules/auth.InitSession
	C:/Users/0xkda/go/pkg/mod/github.com/!go!admin!group/go-admin@v1.2.23/modules/auth/session.go:132
github.com/GoAdminGroup/go-admin/modules/auth.Filter
	C:/Users/0xkda/go/pkg/mod/github.com/!go!admin!group/go-admin@v1.2.23/modules/auth/middleware.go:159
github.com/GoAdminGroup/go-admin/modules/auth.(*Invoker).Middleware.func1
	C:/Users/0xkda/go/pkg/mod/github.com/!go!admin!group/go-admin@v1.2.23/modules/auth/middleware.go:128
github.com/GoAdminGroup/go-admin/context.(*Context).Next
	C:/Users/0xkda/go/pkg/mod/github.com/!go!admin!group/go-admin@v1.2.23/context/context.go:101
github.com/GoAdminGroup/go-admin/plugins/admin.(*Admin).globalErrorHandler
	C:/Users/0xkda/go/pkg/mod/github.com/!go!admin!group/go-admin@v1.2.23/plugins/admin/router.go:106
github.com/GoAdminGroup/go-admin/context.(*Context).Next
	C:/Users/0xkda/go/pkg/mod/github.com/!go!admin!group/go-admin@v1.2.23/context/context.go:101
github.com/GoAdminGroup/go-admin/adapter/beego.(*Beego).AddHandler.func1
	C:/Users/0xkda/go/pkg/mod/github.com/!go!admin!group/go-admin@v1.2.23/adapter/beego/beego.go:90
github.com/astaxie/beego.(*ControllerRegister).ServeHTTP
	C:/Users/0xkda/go/pkg/mod/github.com/astaxie/beego@v1.12.3/router.go:813
net/http.serverHandler.ServeHTTP
	D:/Program Files/Go/src/net/http/server.go:2867
net/http.(*conn).serve
	D:/Program Files/Go/src/net/http/server.go:1932
2021-09-18T15:45:07.129+0800	[31mERROR[0m	controller/handler.go:31	invalid connection
github.com/GoAdminGroup/go-admin/modules/logger.Error
	C:/Users/0xkda/go/pkg/mod/github.com/!go!admin!group/go-admin@v1.2.23/modules/logger/logger.go:285
github.com/GoAdminGroup/go-admin/plugins/admin/controller.(*Handler).GlobalDeferHandler
	C:/Users/0xkda/go/pkg/mod/github.com/!go!admin!group/go-admin@v1.2.23/plugins/admin/controller/handler.go:31
runtime.gopanic
	D:/Program Files/Go/src/runtime/panic.go:971
github.com/GoAdminGroup/go-admin/modules/db.CommonQuery
	C:/Users/0xkda/go/pkg/mod/github.com/!go!admin!group/go-admin@v1.2.23/modules/db/performer.go:20
github.com/GoAdminGroup/go-admin/modules/db.(*Mysql).QueryWithConnection
	C:/Users/0xkda/go/pkg/mod/github.com/!go!admin!group/go-admin@v1.2.23/modules/db/mysql.go:83
github.com/GoAdminGroup/go-admin/modules/db.(*Mysql).QueryWith
	C:/Users/0xkda/go/pkg/mod/github.com/!go!admin!group/go-admin@v1.2.23/modules/db/mysql.go:115
github.com/GoAdminGroup/go-admin/modules/db.(*SQL).First
	C:/Users/0xkda/go/pkg/mod/github.com/!go!admin!group/go-admin@v1.2.23/modules/db/statement.go:424
github.com/GoAdminGroup/go-admin/modules/auth.(*DBDriver).Load
	C:/Users/0xkda/go/pkg/mod/github.com/!go!admin!group/go-admin@v1.2.23/modules/auth/session.go:143
github.com/GoAdminGroup/go-admin/modules/auth.(*Session).StartCtx
	C:/Users/0xkda/go/pkg/mod/github.com/!go!admin!group/go-admin@v1.2.23/modules/auth/session.go:106
github.com/GoAdminGroup/go-admin/modules/auth.InitSession
	C:/Users/0xkda/go/pkg/mod/github.com/!go!admin!group/go-admin@v1.2.23/modules/auth/session.go:132
github.com/GoAdminGroup/go-admin/modules/auth.Filter
	C:/Users/0xkda/go/pkg/mod/github.com/!go!admin!group/go-admin@v1.2.23/modules/auth/middleware.go:159
github.com/GoAdminGroup/go-admin/modules/auth.(*Invoker).Middleware.func1
	C:/Users/0xkda/go/pkg/mod/github.com/!go!admin!group/go-admin@v1.2.23/modules/auth/middleware.go:128
github.com/GoAdminGroup/go-admin/context.(*Context).Next
	C:/Users/0xkda/go/pkg/mod/github.com/!go!admin!group/go-admin@v1.2.23/context/context.go:101
github.com/GoAdminGroup/go-admin/plugins/admin.(*Admin).globalErrorHandler
	C:/Users/0xkda/go/pkg/mod/github.com/!go!admin!group/go-admin@v1.2.23/plugins/admin/router.go:106
github.com/GoAdminGroup/go-admin/context.(*Context).Next
	C:/Users/0xkda/go/pkg/mod/github.com/!go!admin!group/go-admin@v1.2.23/context/context.go:101
github.com/GoAdminGroup/go-admin/adapter/beego.(*Beego).AddHandler.func1
	C:/Users/0xkda/go/pkg/mod/github.com/!go!admin!group/go-admin@v1.2.23/adapter/beego/beego.go:90
github.com/astaxie/beego.(*ControllerRegister).ServeHTTP
	C:/Users/0xkda/go/pkg/mod/github.com/astaxie/beego@v1.12.3/router.go:813
net/http.serverHandler.ServeHTTP
	D:/Program Files/Go/src/net/http/server.go:2867
net/http.(*conn).serve
	D:/Program Files/Go/src/net/http/server.go:1932
2021-09-18T15:56:02.776+0800	[31mFATAL[0m	pages/websites.go:45	pages\domains.go line:41 err:can't preload field company for models.Websites
github.com/GoAdminGroup/go-admin/modules/logger.Fatal
	C:/Users/0xkda/go/pkg/mod/github.com/!go!admin!group/go-admin@v1.2.23/modules/logger/logger.go:299
WKG/pages.GetWebsitesTable.func1
	F:/project/WKG/WKG/pages/websites.go:45
github.com/GoAdminGroup/go-admin/plugins/admin/controller.(*Handler).showTable
	C:/Users/0xkda/go/pkg/mod/github.com/!go!admin!group/go-admin@v1.2.23/plugins/admin/controller/show.go:281
github.com/GoAdminGroup/go-admin/plugins/admin/controller.(*Handler).ShowInfo
	C:/Users/0xkda/go/pkg/mod/github.com/!go!admin!group/go-admin@v1.2.23/plugins/admin/controller/show.go:60
github.com/GoAdminGroup/go-admin/context.(*Context).Next
	C:/Users/0xkda/go/pkg/mod/github.com/!go!admin!group/go-admin@v1.2.23/context/context.go:101
github.com/GoAdminGroup/go-admin/plugins/admin/modules/guard.(*Guard).CheckPrefix
	C:/Users/0xkda/go/pkg/mod/github.com/!go!admin!group/go-admin@v1.2.23/plugins/admin/modules/guard/guard.go:51
github.com/GoAdminGroup/go-admin/context.(*Context).Next
	C:/Users/0xkda/go/pkg/mod/github.com/!go!admin!group/go-admin@v1.2.23/context/context.go:101
github.com/GoAdminGroup/go-admin/modules/auth.(*Invoker).Middleware.func1
	C:/Users/0xkda/go/pkg/mod/github.com/!go!admin!group/go-admin@v1.2.23/modules/auth/middleware.go:132
github.com/GoAdminGroup/go-admin/context.(*Context).Next
	C:/Users/0xkda/go/pkg/mod/github.com/!go!admin!group/go-admin@v1.2.23/context/context.go:101
github.com/GoAdminGroup/go-admin/plugins/admin.(*Admin).globalErrorHandler
	C:/Users/0xkda/go/pkg/mod/github.com/!go!admin!group/go-admin@v1.2.23/plugins/admin/router.go:106
github.com/GoAdminGroup/go-admin/context.(*Context).Next
	C:/Users/0xkda/go/pkg/mod/github.com/!go!admin!group/go-admin@v1.2.23/context/context.go:101
github.com/GoAdminGroup/go-admin/adapter/beego.(*Beego).AddHandler.func1
	C:/Users/0xkda/go/pkg/mod/github.com/!go!admin!group/go-admin@v1.2.23/adapter/beego/beego.go:90
github.com/astaxie/beego.(*ControllerRegister).ServeHTTP
	C:/Users/0xkda/go/pkg/mod/github.com/astaxie/beego@v1.12.3/router.go:813
net/http.serverHandler.ServeHTTP
	D:/Program Files/Go/src/net/http/server.go:2867
net/http.(*conn).serve
	D:/Program Files/Go/src/net/http/server.go:1932
2021-09-18T16:23:21.285+0800	[31mFATAL[0m	pages/websites.go:40	pages\domains.go line:41 err:can't preload field Companys for models.Websites
github.com/GoAdminGroup/go-admin/modules/logger.Fatal
	C:/Users/0xkda/go/pkg/mod/github.com/!go!admin!group/go-admin@v1.2.23/modules/logger/logger.go:299
WKG/pages.GetWebsitesTable.func1
	F:/project/WKG/WKG/pages/websites.go:40
github.com/GoAdminGroup/go-admin/plugins/admin/controller.(*Handler).showTable
	C:/Users/0xkda/go/pkg/mod/github.com/!go!admin!group/go-admin@v1.2.23/plugins/admin/controller/show.go:281
github.com/GoAdminGroup/go-admin/plugins/admin/controller.(*Handler).ShowInfo
	C:/Users/0xkda/go/pkg/mod/github.com/!go!admin!group/go-admin@v1.2.23/plugins/admin/controller/show.go:60
github.com/GoAdminGroup/go-admin/context.(*Context).Next
	C:/Users/0xkda/go/pkg/mod/github.com/!go!admin!group/go-admin@v1.2.23/context/context.go:101
github.com/GoAdminGroup/go-admin/plugins/admin/modules/guard.(*Guard).CheckPrefix
	C:/Users/0xkda/go/pkg/mod/github.com/!go!admin!group/go-admin@v1.2.23/plugins/admin/modules/guard/guard.go:51
github.com/GoAdminGroup/go-admin/context.(*Context).Next
	C:/Users/0xkda/go/pkg/mod/github.com/!go!admin!group/go-admin@v1.2.23/context/context.go:101
github.com/GoAdminGroup/go-admin/modules/auth.(*Invoker).Middleware.func1
	C:/Users/0xkda/go/pkg/mod/github.com/!go!admin!group/go-admin@v1.2.23/modules/auth/middleware.go:132
github.com/GoAdminGroup/go-admin/context.(*Context).Next
	C:/Users/0xkda/go/pkg/mod/github.com/!go!admin!group/go-admin@v1.2.23/context/context.go:101
github.com/GoAdminGroup/go-admin/plugins/admin.(*Admin).globalErrorHandler
	C:/Users/0xkda/go/pkg/mod/github.com/!go!admin!group/go-admin@v1.2.23/plugins/admin/router.go:106
github.com/GoAdminGroup/go-admin/context.(*Context).Next
	C:/Users/0xkda/go/pkg/mod/github.com/!go!admin!group/go-admin@v1.2.23/context/context.go:101
github.com/GoAdminGroup/go-admin/adapter/beego.(*Beego).AddHandler.func1
	C:/Users/0xkda/go/pkg/mod/github.com/!go!admin!group/go-admin@v1.2.23/adapter/beego/beego.go:90
github.com/astaxie/beego.(*ControllerRegister).ServeHTTP
	C:/Users/0xkda/go/pkg/mod/github.com/astaxie/beego@v1.12.3/router.go:813
net/http.serverHandler.ServeHTTP
	D:/Program Files/Go/src/net/http/server.go:2867
net/http.(*conn).serve
	D:/Program Files/Go/src/net/http/server.go:1932
2021-09-18T16:51:17.947+0800	[31mERROR[0m	controller/handler.go:31	invalid connection
github.com/GoAdminGroup/go-admin/modules/logger.Error
	C:/Users/0xkda/go/pkg/mod/github.com/!go!admin!group/go-admin@v1.2.23/modules/logger/logger.go:285
github.com/GoAdminGroup/go-admin/plugins/admin/controller.(*Handler).GlobalDeferHandler
	C:/Users/0xkda/go/pkg/mod/github.com/!go!admin!group/go-admin@v1.2.23/plugins/admin/controller/handler.go:31
runtime.gopanic
	D:/Program Files/Go/src/runtime/panic.go:971
github.com/GoAdminGroup/go-admin/modules/db.CommonQuery
	C:/Users/0xkda/go/pkg/mod/github.com/!go!admin!group/go-admin@v1.2.23/modules/db/performer.go:20
github.com/GoAdminGroup/go-admin/modules/db.(*Mysql).QueryWithConnection
	C:/Users/0xkda/go/pkg/mod/github.com/!go!admin!group/go-admin@v1.2.23/modules/db/mysql.go:83
github.com/GoAdminGroup/go-admin/modules/db.(*Mysql).QueryWith
	C:/Users/0xkda/go/pkg/mod/github.com/!go!admin!group/go-admin@v1.2.23/modules/db/mysql.go:115
github.com/GoAdminGroup/go-admin/modules/db.(*SQL).First
	C:/Users/0xkda/go/pkg/mod/github.com/!go!admin!group/go-admin@v1.2.23/modules/db/statement.go:424
github.com/GoAdminGroup/go-admin/modules/auth.(*DBDriver).Load
	C:/Users/0xkda/go/pkg/mod/github.com/!go!admin!group/go-admin@v1.2.23/modules/auth/session.go:143
github.com/GoAdminGroup/go-admin/modules/auth.(*Session).StartCtx
	C:/Users/0xkda/go/pkg/mod/github.com/!go!admin!group/go-admin@v1.2.23/modules/auth/session.go:106
github.com/GoAdminGroup/go-admin/modules/auth.InitSession
	C:/Users/0xkda/go/pkg/mod/github.com/!go!admin!group/go-admin@v1.2.23/modules/auth/session.go:132
github.com/GoAdminGroup/go-admin/modules/auth.Filter
	C:/Users/0xkda/go/pkg/mod/github.com/!go!admin!group/go-admin@v1.2.23/modules/auth/middleware.go:159
github.com/GoAdminGroup/go-admin/modules/auth.(*Invoker).Middleware.func1
	C:/Users/0xkda/go/pkg/mod/github.com/!go!admin!group/go-admin@v1.2.23/modules/auth/middleware.go:128
github.com/GoAdminGroup/go-admin/context.(*Context).Next
	C:/Users/0xkda/go/pkg/mod/github.com/!go!admin!group/go-admin@v1.2.23/context/context.go:101
github.com/GoAdminGroup/go-admin/plugins/admin.(*Admin).globalErrorHandler
	C:/Users/0xkda/go/pkg/mod/github.com/!go!admin!group/go-admin@v1.2.23/plugins/admin/router.go:106
github.com/GoAdminGroup/go-admin/context.(*Context).Next
	C:/Users/0xkda/go/pkg/mod/github.com/!go!admin!group/go-admin@v1.2.23/context/context.go:101
github.com/GoAdminGroup/go-admin/adapter/beego.(*Beego).AddHandler.func1
	C:/Users/0xkda/go/pkg/mod/github.com/!go!admin!group/go-admin@v1.2.23/adapter/beego/beego.go:90
github.com/astaxie/beego.(*ControllerRegister).ServeHTTP
	C:/Users/0xkda/go/pkg/mod/github.com/astaxie/beego@v1.12.3/router.go:813
net/http.serverHandler.ServeHTTP
	D:/Program Files/Go/src/net/http/server.go:2867
net/http.(*conn).serve
	D:/Program Files/Go/src/net/http/server.go:1932
2021-09-22T17:02:36.972+0800	[31mERROR[0m	controller/handler.go:31	invalid connection
github.com/GoAdminGroup/go-admin/modules/logger.Error
	C:/Users/0xkda/go/pkg/mod/github.com/!go!admin!group/go-admin@v1.2.23/modules/logger/logger.go:285
github.com/GoAdminGroup/go-admin/plugins/admin/controller.(*Handler).GlobalDeferHandler
	C:/Users/0xkda/go/pkg/mod/github.com/!go!admin!group/go-admin@v1.2.23/plugins/admin/controller/handler.go:31
runtime.gopanic
	D:/Program Files/Go/src/runtime/panic.go:965
github.com/GoAdminGroup/go-admin/modules/db.CommonQuery
	C:/Users/0xkda/go/pkg/mod/github.com/!go!admin!group/go-admin@v1.2.23/modules/db/performer.go:20
github.com/GoAdminGroup/go-admin/modules/db.(*Mysql).QueryWithConnection
	C:/Users/0xkda/go/pkg/mod/github.com/!go!admin!group/go-admin@v1.2.23/modules/db/mysql.go:83
github.com/GoAdminGroup/go-admin/modules/db.(*Mysql).QueryWith
	C:/Users/0xkda/go/pkg/mod/github.com/!go!admin!group/go-admin@v1.2.23/modules/db/mysql.go:115
github.com/GoAdminGroup/go-admin/modules/db.(*SQL).First
	C:/Users/0xkda/go/pkg/mod/github.com/!go!admin!group/go-admin@v1.2.23/modules/db/statement.go:424
github.com/GoAdminGroup/go-admin/modules/auth.(*DBDriver).Load
	C:/Users/0xkda/go/pkg/mod/github.com/!go!admin!group/go-admin@v1.2.23/modules/auth/session.go:143
github.com/GoAdminGroup/go-admin/modules/auth.(*Session).StartCtx
	C:/Users/0xkda/go/pkg/mod/github.com/!go!admin!group/go-admin@v1.2.23/modules/auth/session.go:106
github.com/GoAdminGroup/go-admin/modules/auth.InitSession
	C:/Users/0xkda/go/pkg/mod/github.com/!go!admin!group/go-admin@v1.2.23/modules/auth/session.go:132
github.com/GoAdminGroup/go-admin/modules/auth.Filter
	C:/Users/0xkda/go/pkg/mod/github.com/!go!admin!group/go-admin@v1.2.23/modules/auth/middleware.go:159
github.com/GoAdminGroup/go-admin/modules/auth.(*Invoker).Middleware.func1
	C:/Users/0xkda/go/pkg/mod/github.com/!go!admin!group/go-admin@v1.2.23/modules/auth/middleware.go:128
github.com/GoAdminGroup/go-admin/context.(*Context).Next
	C:/Users/0xkda/go/pkg/mod/github.com/!go!admin!group/go-admin@v1.2.23/context/context.go:101
github.com/GoAdminGroup/go-admin/plugins/admin.(*Admin).globalErrorHandler
	C:/Users/0xkda/go/pkg/mod/github.com/!go!admin!group/go-admin@v1.2.23/plugins/admin/router.go:106
github.com/GoAdminGroup/go-admin/context.(*Context).Next
	C:/Users/0xkda/go/pkg/mod/github.com/!go!admin!group/go-admin@v1.2.23/context/context.go:101
github.com/GoAdminGroup/go-admin/adapter/beego.(*Beego).AddHandler.func1
	C:/Users/0xkda/go/pkg/mod/github.com/!go!admin!group/go-admin@v1.2.23/adapter/beego/beego.go:90
github.com/astaxie/beego.(*ControllerRegister).ServeHTTP
	C:/Users/0xkda/go/pkg/mod/github.com/astaxie/beego@v1.12.3/router.go:813
net/http.serverHandler.ServeHTTP
	D:/Program Files/Go/src/net/http/server.go:2867
net/http.(*conn).serve
	D:/Program Files/Go/src/net/http/server.go:1932
2021-09-22T17:02:40.715+0800	[31mERROR[0m	controller/handler.go:31	invalid connection
github.com/GoAdminGroup/go-admin/modules/logger.Error
	C:/Users/0xkda/go/pkg/mod/github.com/!go!admin!group/go-admin@v1.2.23/modules/logger/logger.go:285
github.com/GoAdminGroup/go-admin/plugins/admin/controller.(*Handler).GlobalDeferHandler
	C:/Users/0xkda/go/pkg/mod/github.com/!go!admin!group/go-admin@v1.2.23/plugins/admin/controller/handler.go:31
runtime.gopanic
	D:/Program Files/Go/src/runtime/panic.go:965
github.com/GoAdminGroup/go-admin/modules/db.CommonQuery
	C:/Users/0xkda/go/pkg/mod/github.com/!go!admin!group/go-admin@v1.2.23/modules/db/performer.go:20
github.com/GoAdminGroup/go-admin/modules/db.(*Mysql).QueryWithConnection
	C:/Users/0xkda/go/pkg/mod/github.com/!go!admin!group/go-admin@v1.2.23/modules/db/mysql.go:83
github.com/GoAdminGroup/go-admin/modules/db.(*Mysql).QueryWith
	C:/Users/0xkda/go/pkg/mod/github.com/!go!admin!group/go-admin@v1.2.23/modules/db/mysql.go:115
github.com/GoAdminGroup/go-admin/modules/db.(*SQL).First
	C:/Users/0xkda/go/pkg/mod/github.com/!go!admin!group/go-admin@v1.2.23/modules/db/statement.go:424
github.com/GoAdminGroup/go-admin/modules/auth.(*DBDriver).Load
	C:/Users/0xkda/go/pkg/mod/github.com/!go!admin!group/go-admin@v1.2.23/modules/auth/session.go:143
github.com/GoAdminGroup/go-admin/modules/auth.(*Session).StartCtx
	C:/Users/0xkda/go/pkg/mod/github.com/!go!admin!group/go-admin@v1.2.23/modules/auth/session.go:106
github.com/GoAdminGroup/go-admin/modules/auth.InitSession
	C:/Users/0xkda/go/pkg/mod/github.com/!go!admin!group/go-admin@v1.2.23/modules/auth/session.go:132
github.com/GoAdminGroup/go-admin/modules/auth.Filter
	C:/Users/0xkda/go/pkg/mod/github.com/!go!admin!group/go-admin@v1.2.23/modules/auth/middleware.go:159
github.com/GoAdminGroup/go-admin/modules/auth.(*Invoker).Middleware.func1
	C:/Users/0xkda/go/pkg/mod/github.com/!go!admin!group/go-admin@v1.2.23/modules/auth/middleware.go:128
github.com/GoAdminGroup/go-admin/context.(*Context).Next
	C:/Users/0xkda/go/pkg/mod/github.com/!go!admin!group/go-admin@v1.2.23/context/context.go:101
github.com/GoAdminGroup/go-admin/plugins/admin.(*Admin).globalErrorHandler
	C:/Users/0xkda/go/pkg/mod/github.com/!go!admin!group/go-admin@v1.2.23/plugins/admin/router.go:106
github.com/GoAdminGroup/go-admin/context.(*Context).Next
	C:/Users/0xkda/go/pkg/mod/github.com/!go!admin!group/go-admin@v1.2.23/context/context.go:101
github.com/GoAdminGroup/go-admin/adapter/beego.(*Beego).AddHandler.func1
	C:/Users/0xkda/go/pkg/mod/github.com/!go!admin!group/go-admin@v1.2.23/adapter/beego/beego.go:90
github.com/astaxie/beego.(*ControllerRegister).ServeHTTP
	C:/Users/0xkda/go/pkg/mod/github.com/astaxie/beego@v1.12.3/router.go:813
net/http.serverHandler.ServeHTTP
	D:/Program Files/Go/src/net/http/server.go:2867
net/http.(*conn).serve
	D:/Program Files/Go/src/net/http/server.go:1932
2021-09-22T17:06:26.815+0800	[31mERROR[0m	controller/handler.go:31	invalid connection
github.com/GoAdminGroup/go-admin/modules/logger.Error
	C:/Users/0xkda/go/pkg/mod/github.com/!go!admin!group/go-admin@v1.2.23/modules/logger/logger.go:285
github.com/GoAdminGroup/go-admin/plugins/admin/controller.(*Handler).GlobalDeferHandler
	C:/Users/0xkda/go/pkg/mod/github.com/!go!admin!group/go-admin@v1.2.23/plugins/admin/controller/handler.go:31
runtime.gopanic
	D:/Program Files/Go/src/runtime/panic.go:965
github.com/GoAdminGroup/go-admin/modules/db.CommonQuery
	C:/Users/0xkda/go/pkg/mod/github.com/!go!admin!group/go-admin@v1.2.23/modules/db/performer.go:20
github.com/GoAdminGroup/go-admin/modules/db.(*Mysql).QueryWithConnection
	C:/Users/0xkda/go/pkg/mod/github.com/!go!admin!group/go-admin@v1.2.23/modules/db/mysql.go:83
github.com/GoAdminGroup/go-admin/modules/db.(*Mysql).QueryWith
	C:/Users/0xkda/go/pkg/mod/github.com/!go!admin!group/go-admin@v1.2.23/modules/db/mysql.go:115
github.com/GoAdminGroup/go-admin/modules/db.(*SQL).First
	C:/Users/0xkda/go/pkg/mod/github.com/!go!admin!group/go-admin@v1.2.23/modules/db/statement.go:424
github.com/GoAdminGroup/go-admin/modules/auth.(*DBDriver).Load
	C:/Users/0xkda/go/pkg/mod/github.com/!go!admin!group/go-admin@v1.2.23/modules/auth/session.go:143
github.com/GoAdminGroup/go-admin/modules/auth.(*Session).StartCtx
	C:/Users/0xkda/go/pkg/mod/github.com/!go!admin!group/go-admin@v1.2.23/modules/auth/session.go:106
github.com/GoAdminGroup/go-admin/modules/auth.InitSession
	C:/Users/0xkda/go/pkg/mod/github.com/!go!admin!group/go-admin@v1.2.23/modules/auth/session.go:132
github.com/GoAdminGroup/go-admin/modules/auth.Filter
	C:/Users/0xkda/go/pkg/mod/github.com/!go!admin!group/go-admin@v1.2.23/modules/auth/middleware.go:159
github.com/GoAdminGroup/go-admin/modules/auth.(*Invoker).Middleware.func1
	C:/Users/0xkda/go/pkg/mod/github.com/!go!admin!group/go-admin@v1.2.23/modules/auth/middleware.go:128
github.com/GoAdminGroup/go-admin/context.(*Context).Next
	C:/Users/0xkda/go/pkg/mod/github.com/!go!admin!group/go-admin@v1.2.23/context/context.go:101
github.com/GoAdminGroup/go-admin/plugins/admin.(*Admin).globalErrorHandler
	C:/Users/0xkda/go/pkg/mod/github.com/!go!admin!group/go-admin@v1.2.23/plugins/admin/router.go:106
github.com/GoAdminGroup/go-admin/context.(*Context).Next
	C:/Users/0xkda/go/pkg/mod/github.com/!go!admin!group/go-admin@v1.2.23/context/context.go:101
github.com/GoAdminGroup/go-admin/adapter/beego.(*Beego).AddHandler.func1
	C:/Users/0xkda/go/pkg/mod/github.com/!go!admin!group/go-admin@v1.2.23/adapter/beego/beego.go:90
github.com/astaxie/beego.(*ControllerRegister).ServeHTTP
	C:/Users/0xkda/go/pkg/mod/github.com/astaxie/beego@v1.12.3/router.go:813
net/http.serverHandler.ServeHTTP
	D:/Program Files/Go/src/net/http/server.go:2867
net/http.(*conn).serve
	D:/Program Files/Go/src/net/http/server.go:1932
2021-09-22T18:34:09.829+0800	[31mERROR[0m	engine/engine.go:323	invalid connection
github.com/GoAdminGroup/go-admin/modules/logger.Error
	C:/Users/0xkda/go/pkg/mod/github.com/!go!admin!group/go-admin@v1.2.23/modules/logger/logger.go:285
github.com/GoAdminGroup/go-admin/engine.(*Engine).deferHandler.func1.1
	C:/Users/0xkda/go/pkg/mod/github.com/!go!admin!group/go-admin@v1.2.23/engine/engine.go:323
runtime.gopanic
	D:/Program Files/Go/src/runtime/panic.go:965
github.com/GoAdminGroup/go-admin/modules/db.CommonQuery
	C:/Users/0xkda/go/pkg/mod/github.com/!go!admin!group/go-admin@v1.2.23/modules/db/performer.go:20
github.com/GoAdminGroup/go-admin/modules/db.(*Mysql).QueryWithConnection
	C:/Users/0xkda/go/pkg/mod/github.com/!go!admin!group/go-admin@v1.2.23/modules/db/mysql.go:83
github.com/GoAdminGroup/go-admin/modules/db.(*Mysql).QueryWith
	C:/Users/0xkda/go/pkg/mod/github.com/!go!admin!group/go-admin@v1.2.23/modules/db/mysql.go:115
github.com/GoAdminGroup/go-admin/modules/db.(*SQL).First
	C:/Users/0xkda/go/pkg/mod/github.com/!go!admin!group/go-admin@v1.2.23/modules/db/statement.go:424
github.com/GoAdminGroup/go-admin/modules/auth.(*DBDriver).Load
	C:/Users/0xkda/go/pkg/mod/github.com/!go!admin!group/go-admin@v1.2.23/modules/auth/session.go:143
github.com/GoAdminGroup/go-admin/modules/auth.(*Session).StartCtx
	C:/Users/0xkda/go/pkg/mod/github.com/!go!admin!group/go-admin@v1.2.23/modules/auth/session.go:106
github.com/GoAdminGroup/go-admin/modules/auth.InitSession
	C:/Users/0xkda/go/pkg/mod/github.com/!go!admin!group/go-admin@v1.2.23/modules/auth/session.go:132
github.com/GoAdminGroup/go-admin/modules/auth.Filter
	C:/Users/0xkda/go/pkg/mod/github.com/!go!admin!group/go-admin@v1.2.23/modules/auth/middleware.go:159
github.com/GoAdminGroup/go-admin/modules/auth.(*Invoker).Middleware.func1
	C:/Users/0xkda/go/pkg/mod/github.com/!go!admin!group/go-admin@v1.2.23/modules/auth/middleware.go:128
github.com/GoAdminGroup/go-admin/context.(*Context).Next
	C:/Users/0xkda/go/pkg/mod/github.com/!go!admin!group/go-admin@v1.2.23/context/context.go:101
github.com/GoAdminGroup/go-admin/engine.(*Engine).deferHandler.func1
	C:/Users/0xkda/go/pkg/mod/github.com/!go!admin!group/go-admin@v1.2.23/engine/engine.go:350
github.com/GoAdminGroup/go-admin/context.(*Context).Next
	C:/Users/0xkda/go/pkg/mod/github.com/!go!admin!group/go-admin@v1.2.23/context/context.go:101
github.com/GoAdminGroup/go-admin/adapter/beego.(*Beego).AddHandler.func1
	C:/Users/0xkda/go/pkg/mod/github.com/!go!admin!group/go-admin@v1.2.23/adapter/beego/beego.go:90
github.com/astaxie/beego.(*ControllerRegister).ServeHTTP
	C:/Users/0xkda/go/pkg/mod/github.com/astaxie/beego@v1.12.3/router.go:813
net/http.serverHandler.ServeHTTP
	D:/Program Files/Go/src/net/http/server.go:2867
net/http.(*conn).serve
	D:/Program Files/Go/src/net/http/server.go:1932
2021-09-22T18:34:09.830+0800	[31mERROR[0m	engine/engine.go:324	goroutine 48 [running]:
runtime/debug.Stack(0xc0000068d8, 0x16dce02, 0x0)
	D:/Program Files/Go/src/runtime/debug/stack.go:24 +0xa5
github.com/GoAdminGroup/go-admin/engine.(*Engine).deferHandler.func1.1(0x1d3d100, 0xc0003f4540, 0xc0006fe050, 0xc00040e380)
	C:/Users/0xkda/go/pkg/mod/github.com/!go!admin!group/go-admin@v1.2.23/engine/engine.go:324 +0x38f
panic(0x16dce60, 0xc000405190)
	D:/Program Files/Go/src/runtime/panic.go:965 +0x1c7
github.com/GoAdminGroup/go-admin/modules/db.CommonQuery(0xc000367860, 0xc0008ba0c0, 0x2f, 0xc0003d2030, 0x1, 0x1, 0x0, 0x0, 0x0, 0x0, ...)
	C:/Users/0xkda/go/pkg/mod/github.com/!go!admin!group/go-admin@v1.2.23/modules/db/performer.go:20 +0x796
github.com/GoAdminGroup/go-admin/modules/db.(*Mysql).QueryWithConnection(...)
	C:/Users/0xkda/go/pkg/mod/github.com/!go!admin!group/go-admin@v1.2.23/modules/db/mysql.go:83
github.com/GoAdminGroup/go-admin/modules/db.(*Mysql).QueryWith(0xc0003f4540, 0x0, 0x18180c5, 0x7, 0xc0008ba0c0, 0x2f, 0xc0003d2030, 0x1, 0x1, 0xc0003d2030, ...)
	C:/Users/0xkda/go/pkg/mod/github.com/!go!admin!group/go-admin@v1.2.23/modules/db/mysql.go:115 +0x157
github.com/GoAdminGroup/go-admin/modules/db.(*SQL).First(0xc00046a000, 0x0, 0x0, 0x0)
	C:/Users/0xkda/go/pkg/mod/github.com/!go!admin!group/go-admin@v1.2.23/modules/db/statement.go:424 +0x115
github.com/GoAdminGroup/go-admin/modules/auth.(*DBDriver).Load(0xc0006ee020, 0xc0003cc433, 0x24, 0xc000430420, 0x0, 0x0)
	C:/Users/0xkda/go/pkg/mod/github.com/!go!admin!group/go-admin@v1.2.23/modules/auth/session.go:143 +0x198
github.com/GoAdminGroup/go-admin/modules/auth.(*Session).StartCtx(0xc000412140, 0xc00040e380, 0x0, 0x0, 0xc0005813e8)
	C:/Users/0xkda/go/pkg/mod/github.com/!go!admin!group/go-admin@v1.2.23/modules/auth/session.go:106 +0x115
github.com/GoAdminGroup/go-admin/modules/auth.InitSession(0xc00040e380, 0x1d3d100, 0xc0003f4540, 0x0, 0x0, 0x0)
	C:/Users/0xkda/go/pkg/mod/github.com/!go!admin!group/go-admin@v1.2.23/modules/auth/session.go:132 +0x10e
github.com/GoAdminGroup/go-admin/modules/auth.Filter(0xc00040e380, 0x1d3d100, 0xc0003f4540, 0x0, 0x0, 0x0, 0x0, 0x0, 0x0, 0x0, ...)
	C:/Users/0xkda/go/pkg/mod/github.com/!go!admin!group/go-admin@v1.2.23/modules/auth/middleware.go:159 +0x11e
github.com/GoAdminGroup/go-admin/modules/auth.(*Invoker).Middleware.func1(0xc00040e380)
	C:/Users/0xkda/go/pkg/mod/github.com/!go!admin!group/go-admin@v1.2.23/modules/auth/middleware.go:128 +0x96
github.com/GoAdminGroup/go-admin/context.(*Context).Next(0xc00040e380)
	C:/Users/0xkda/go/pkg/mod/github.com/!go!admin!group/go-admin@v1.2.23/context/context.go:101 +0x4b
github.com/GoAdminGroup/go-admin/engine.(*Engine).deferHandler.func1(0xc00040e380)
	C:/Users/0xkda/go/pkg/mod/github.com/!go!admin!group/go-admin@v1.2.23/engine/engine.go:350 +0x7e
github.com/GoAdminGroup/go-admin/context.(*Context).Next(0xc00040e380)
	C:/Users/0xkda/go/pkg/mod/github.com/!go!admin!group/go-admin@v1.2.23/context/context.go:101 +0x4b
github.com/GoAdminGroup/go-admin/adapter/beego.(*Beego).AddHandler.func1(0xc000930540)
	C:/Users/0xkda/go/pkg/mod/github.com/!go!admin!group/go-admin@v1.2.23/adapter/beego/beego.go:90 +0x3e6
github.com/astaxie/beego.(*ControllerRegister).ServeHTTP(0xc0006fa000, 0x1d271b8, 0xc0004d01c0, 0xc0004aa100)
	C:/Users/0xkda/go/pkg/mod/github.com/astaxie/beego@v1.12.3/router.go:813 +0x1c7b
net/http.serverHandler.ServeHTTP(0xc0004d00e0, 0x1d271b8, 0xc0004d01c0, 0xc0004aa100)
	D:/Program Files/Go/src/net/http/server.go:2867 +0xaa
net/http.(*conn).serve(0xc000bf80a0, 0x1d29ab8, 0xc0006ce000)
	D:/Program Files/Go/src/net/http/server.go:1932 +0x8cd
created by net/http.(*Server).Serve
	D:/Program Files/Go/src/net/http/server.go:2993 +0x3b8

github.com/GoAdminGroup/go-admin/modules/logger.Error
	C:/Users/0xkda/go/pkg/mod/github.com/!go!admin!group/go-admin@v1.2.23/modules/logger/logger.go:285
github.com/GoAdminGroup/go-admin/engine.(*Engine).deferHandler.func1.1
	C:/Users/0xkda/go/pkg/mod/github.com/!go!admin!group/go-admin@v1.2.23/engine/engine.go:324
runtime.gopanic
	D:/Program Files/Go/src/runtime/panic.go:965
github.com/GoAdminGroup/go-admin/modules/db.CommonQuery
	C:/Users/0xkda/go/pkg/mod/github.com/!go!admin!group/go-admin@v1.2.23/modules/db/performer.go:20
github.com/GoAdminGroup/go-admin/modules/db.(*Mysql).QueryWithConnection
	C:/Users/0xkda/go/pkg/mod/github.com/!go!admin!group/go-admin@v1.2.23/modules/db/mysql.go:83
github.com/GoAdminGroup/go-admin/modules/db.(*Mysql).QueryWith
	C:/Users/0xkda/go/pkg/mod/github.com/!go!admin!group/go-admin@v1.2.23/modules/db/mysql.go:115
github.com/GoAdminGroup/go-admin/modules/db.(*SQL).First
	C:/Users/0xkda/go/pkg/mod/github.com/!go!admin!group/go-admin@v1.2.23/modules/db/statement.go:424
github.com/GoAdminGroup/go-admin/modules/auth.(*DBDriver).Load
	C:/Users/0xkda/go/pkg/mod/github.com/!go!admin!group/go-admin@v1.2.23/modules/auth/session.go:143
github.com/GoAdminGroup/go-admin/modules/auth.(*Session).StartCtx
	C:/Users/0xkda/go/pkg/mod/github.com/!go!admin!group/go-admin@v1.2.23/modules/auth/session.go:106
github.com/GoAdminGroup/go-admin/modules/auth.InitSession
	C:/Users/0xkda/go/pkg/mod/github.com/!go!admin!group/go-admin@v1.2.23/modules/auth/session.go:132
github.com/GoAdminGroup/go-admin/modules/auth.Filter
	C:/Users/0xkda/go/pkg/mod/github.com/!go!admin!group/go-admin@v1.2.23/modules/auth/middleware.go:159
github.com/GoAdminGroup/go-admin/modules/auth.(*Invoker).Middleware.func1
	C:/Users/0xkda/go/pkg/mod/github.com/!go!admin!group/go-admin@v1.2.23/modules/auth/middleware.go:128
github.com/GoAdminGroup/go-admin/context.(*Context).Next
	C:/Users/0xkda/go/pkg/mod/github.com/!go!admin!group/go-admin@v1.2.23/context/context.go:101
github.com/GoAdminGroup/go-admin/engine.(*Engine).deferHandler.func1
	C:/Users/0xkda/go/pkg/mod/github.com/!go!admin!group/go-admin@v1.2.23/engine/engine.go:350
github.com/GoAdminGroup/go-admin/context.(*Context).Next
	C:/Users/0xkda/go/pkg/mod/github.com/!go!admin!group/go-admin@v1.2.23/context/context.go:101
github.com/GoAdminGroup/go-admin/adapter/beego.(*Beego).AddHandler.func1
	C:/Users/0xkda/go/pkg/mod/github.com/!go!admin!group/go-admin@v1.2.23/adapter/beego/beego.go:90
github.com/astaxie/beego.(*ControllerRegister).ServeHTTP
	C:/Users/0xkda/go/pkg/mod/github.com/astaxie/beego@v1.12.3/router.go:813
net/http.serverHandler.ServeHTTP
	D:/Program Files/Go/src/net/http/server.go:2867
net/http.(*conn).serve
	D:/Program Files/Go/src/net/http/server.go:1932
