2021-08-27T19:43:03.127+0800	[34mINFO[0m	engine/engine.go:402	=====> 初始化数据库连接
2021-08-27T19:44:15.605+0800	[34mINFO[0m	engine/engine.go:402	=====> 初始化数据库连接
2021-08-27T19:44:15.608+0800	[34mINFO[0m	engine/engine.go:402	=====> 初始化配置
2021-08-27T19:44:17.791+0800	[34mINFO[0m	engine/engine.go:402	=====> 初始化导航栏按钮
2021-08-27T19:44:17.791+0800	[34mINFO[0m	engine/engine.go:402	=====> 初始化插件
2021-08-27T19:44:17.791+0800	[34mINFO[0m	engine/engine.go:402	=====> 初始化成功🍺🍺
2021-08-27T19:48:00.482+0800	[34mINFO[0m	engine/engine.go:402	=====> 初始化数据库连接
2021-08-27T19:48:00.486+0800	[34mINFO[0m	engine/engine.go:402	=====> 初始化配置
2021-08-27T19:48:00.488+0800	[34mINFO[0m	engine/engine.go:402	=====> 初始化导航栏按钮
2021-08-27T19:48:00.488+0800	[34mINFO[0m	engine/engine.go:402	=====> 初始化插件
2021-08-27T19:48:00.489+0800	[34mINFO[0m	engine/engine.go:402	=====> 初始化成功🍺🍺
2021-08-27T19:52:52.074+0800	[34mINFO[0m	engine/engine.go:402	=====> 初始化数据库连接
2021-08-27T19:52:52.077+0800	[34mINFO[0m	engine/engine.go:402	=====> 初始化配置
2021-08-27T19:52:52.079+0800	[34mINFO[0m	engine/engine.go:402	=====> 初始化导航栏按钮
2021-08-27T19:52:52.079+0800	[34mINFO[0m	engine/engine.go:402	=====> 初始化插件
2021-08-27T19:52:52.079+0800	[34mINFO[0m	engine/engine.go:402	=====> 初始化成功🍺🍺
2021-08-27T19:55:35.036+0800	[34mINFO[0m	engine/engine.go:402	=====> 初始化数据库连接
2021-08-27T19:55:35.040+0800	[34mINFO[0m	engine/engine.go:402	=====> 初始化配置
2021-08-27T19:55:35.042+0800	[34mINFO[0m	engine/engine.go:402	=====> 初始化导航栏按钮
2021-08-27T19:55:35.042+0800	[34mINFO[0m	engine/engine.go:402	=====> 初始化插件
2021-08-27T19:55:35.042+0800	[34mINFO[0m	engine/engine.go:402	=====> 初始化成功🍺🍺
2021-08-27T20:53:05.754+0800	[34mINFO[0m	engine/engine.go:402	=====> 初始化数据库连接
2021-08-27T20:53:05.757+0800	[34mINFO[0m	engine/engine.go:402	=====> 初始化配置
2021-08-27T20:53:05.759+0800	[34mINFO[0m	engine/engine.go:402	=====> 初始化导航栏按钮
2021-08-27T20:53:05.759+0800	[34mINFO[0m	engine/engine.go:402	=====> 初始化插件
2021-08-27T20:53:05.759+0800	[34mINFO[0m	engine/engine.go:402	=====> 初始化成功🍺🍺
2021-08-27T20:56:11.122+0800	[34mINFO[0m	engine/engine.go:402	=====> 初始化数据库连接
2021-08-27T20:56:11.125+0800	[34mINFO[0m	engine/engine.go:402	=====> 初始化配置
2021-08-27T20:56:11.127+0800	[34mINFO[0m	engine/engine.go:402	=====> 初始化导航栏按钮
2021-08-27T20:56:11.127+0800	[34mINFO[0m	engine/engine.go:402	=====> 初始化插件
2021-08-27T20:56:11.127+0800	[34mINFO[0m	engine/engine.go:402	=====> 初始化成功🍺🍺
2021-08-27T20:56:40.609+0800	[34mINFO[0m	engine/engine.go:402	=====> 初始化数据库连接
2021-08-27T20:56:40.612+0800	[34mINFO[0m	engine/engine.go:402	=====> 初始化配置
2021-08-27T20:56:40.614+0800	[34mINFO[0m	engine/engine.go:402	=====> 初始化导航栏按钮
2021-08-27T20:56:40.614+0800	[34mINFO[0m	engine/engine.go:402	=====> 初始化插件
2021-08-27T20:56:40.614+0800	[34mINFO[0m	engine/engine.go:402	=====> 初始化成功🍺🍺
2021-08-27T20:58:38.023+0800	[34mINFO[0m	engine/engine.go:402	=====> 初始化数据库连接
2021-08-27T20:58:38.026+0800	[34mINFO[0m	engine/engine.go:402	=====> 初始化配置
2021-08-27T20:58:38.028+0800	[34mINFO[0m	engine/engine.go:402	=====> 初始化导航栏按钮
2021-08-27T20:58:38.029+0800	[34mINFO[0m	engine/engine.go:402	=====> 初始化插件
2021-08-27T20:58:38.029+0800	[34mINFO[0m	engine/engine.go:402	=====> 初始化成功🍺🍺
2021-08-27T20:58:58.334+0800	[34mINFO[0m	engine/engine.go:402	=====> 初始化数据库连接
2021-08-27T20:58:58.336+0800	[34mINFO[0m	engine/engine.go:402	=====> 初始化配置
2021-08-27T20:58:58.338+0800	[34mINFO[0m	engine/engine.go:402	=====> 初始化导航栏按钮
2021-08-27T20:58:58.339+0800	[34mINFO[0m	engine/engine.go:402	=====> 初始化插件
2021-08-27T20:58:58.339+0800	[34mINFO[0m	engine/engine.go:402	=====> 初始化成功🍺🍺
2021-08-27T20:59:12.769+0800	[34mINFO[0m	engine/engine.go:402	=====> 初始化数据库连接
2021-08-27T20:59:12.771+0800	[34mINFO[0m	engine/engine.go:402	=====> 初始化配置
2021-08-27T20:59:12.772+0800	[34mINFO[0m	engine/engine.go:402	=====> 初始化导航栏按钮
2021-08-27T20:59:12.773+0800	[34mINFO[0m	engine/engine.go:402	=====> 初始化插件
2021-08-27T20:59:12.773+0800	[34mINFO[0m	engine/engine.go:402	=====> 初始化成功🍺🍺
2021-08-27T21:00:03.183+0800	[34mINFO[0m	engine/engine.go:402	=====> 初始化数据库连接
2021-08-27T21:00:03.186+0800	[34mINFO[0m	engine/engine.go:402	=====> 初始化配置
2021-08-27T21:00:03.188+0800	[34mINFO[0m	engine/engine.go:402	=====> 初始化导航栏按钮
2021-08-27T21:00:03.188+0800	[34mINFO[0m	engine/engine.go:402	=====> 初始化插件
2021-08-27T21:00:03.188+0800	[34mINFO[0m	engine/engine.go:402	=====> 初始化成功🍺🍺
2021-08-27T21:20:35.569+0800	[34mINFO[0m	engine/engine.go:402	=====> 初始化数据库连接
2021-08-27T21:20:35.572+0800	[34mINFO[0m	engine/engine.go:402	=====> 初始化配置
2021-08-27T21:20:35.573+0800	[34mINFO[0m	engine/engine.go:402	=====> 初始化导航栏按钮
2021-08-27T21:20:35.574+0800	[34mINFO[0m	engine/engine.go:402	=====> 初始化插件
2021-08-27T21:20:35.574+0800	[34mINFO[0m	engine/engine.go:402	=====> 初始化成功🍺🍺
2021-08-31T17:43:06.837+0800	[34mINFO[0m	engine/engine.go:402	=====> 初始化数据库连接
2021-08-31T17:43:06.853+0800	[34mINFO[0m	engine/engine.go:402	=====> 初始化配置
2021-08-31T17:43:06.855+0800	[34mINFO[0m	engine/engine.go:402	=====> 初始化导航栏按钮
2021-08-31T17:43:06.856+0800	[34mINFO[0m	engine/engine.go:402	=====> 初始化插件
2021-08-31T17:43:06.856+0800	[34mINFO[0m	engine/engine.go:402	=====> 初始化成功🍺🍺
2021-09-17T11:32:59.798+0800	[34mINFO[0m	engine/engine.go:402	=====> 初始化数据库连接
2021-09-17T11:32:59.807+0800	[34mINFO[0m	engine/engine.go:402	=====> 初始化配置
2021-09-17T11:32:59.809+0800	[34mINFO[0m	engine/engine.go:402	=====> 初始化导航栏按钮
2021-09-17T11:32:59.809+0800	[34mINFO[0m	engine/engine.go:402	=====> 初始化插件
2021-09-17T11:32:59.809+0800	[34mINFO[0m	engine/engine.go:402	=====> 初始化成功🍺🍺
2021-09-17T15:38:24.700+0800	[34mINFO[0m	engine/engine.go:402	=====> 初始化数据库连接
2021-09-17T15:38:24.702+0800	[34mINFO[0m	engine/engine.go:402	=====> 初始化配置
2021-09-17T15:38:24.703+0800	[34mINFO[0m	engine/engine.go:402	=====> 初始化导航栏按钮
2021-09-17T15:38:24.704+0800	[34mINFO[0m	engine/engine.go:402	=====> 初始化插件
2021-09-17T15:38:24.704+0800	[34mINFO[0m	engine/engine.go:402	=====> 初始化成功🍺🍺
2021-09-17T16:02:42.922+0800	[34mINFO[0m	engine/engine.go:402	=====> 初始化数据库连接
2021-09-17T16:02:42.925+0800	[34mINFO[0m	engine/engine.go:402	=====> 初始化配置
2021-09-17T16:02:42.926+0800	[34mINFO[0m	engine/engine.go:402	=====> 初始化导航栏按钮
2021-09-17T16:02:42.926+0800	[34mINFO[0m	engine/engine.go:402	=====> 初始化插件
2021-09-17T16:02:42.926+0800	[34mINFO[0m	engine/engine.go:402	=====> 初始化成功🍺🍺
2021-09-17T16:20:00.895+0800	[34mINFO[0m	engine/engine.go:402	=====> 初始化数据库连接
2021-09-17T16:20:00.898+0800	[34mINFO[0m	engine/engine.go:402	=====> 初始化配置
2021-09-17T16:20:00.900+0800	[34mINFO[0m	engine/engine.go:402	=====> 初始化导航栏按钮
2021-09-17T16:20:00.900+0800	[34mINFO[0m	engine/engine.go:402	=====> 初始化插件
2021-09-17T16:20:00.900+0800	[34mINFO[0m	engine/engine.go:402	=====> 初始化成功🍺🍺
2021-09-17T16:22:34.649+0800	[34mINFO[0m	engine/engine.go:402	=====> 初始化数据库连接
2021-09-17T16:22:34.653+0800	[34mINFO[0m	engine/engine.go:402	=====> 初始化配置
2021-09-17T16:22:34.655+0800	[34mINFO[0m	engine/engine.go:402	=====> 初始化导航栏按钮
2021-09-17T16:22:34.655+0800	[34mINFO[0m	engine/engine.go:402	=====> 初始化插件
2021-09-17T16:22:34.655+0800	[34mINFO[0m	engine/engine.go:402	=====> 初始化成功🍺🍺
2021-09-17T16:32:44.419+0800	[34mINFO[0m	engine/engine.go:402	=====> 初始化数据库连接
2021-09-17T16:32:44.422+0800	[34mINFO[0m	engine/engine.go:402	=====> 初始化配置
2021-09-17T16:32:44.423+0800	[34mINFO[0m	engine/engine.go:402	=====> 初始化导航栏按钮
2021-09-17T16:32:44.423+0800	[34mINFO[0m	engine/engine.go:402	=====> 初始化插件
2021-09-17T16:32:44.423+0800	[34mINFO[0m	engine/engine.go:402	=====> 初始化成功🍺🍺
2021-09-17T16:33:22.150+0800	[34mINFO[0m	engine/engine.go:402	=====> 初始化数据库连接
2021-09-17T16:33:22.153+0800	[34mINFO[0m	engine/engine.go:402	=====> 初始化配置
2021-09-17T16:33:22.155+0800	[34mINFO[0m	engine/engine.go:402	=====> 初始化导航栏按钮
2021-09-17T16:33:22.156+0800	[34mINFO[0m	engine/engine.go:402	=====> 初始化插件
2021-09-17T16:33:22.156+0800	[34mINFO[0m	engine/engine.go:402	=====> 初始化成功🍺🍺
2021-09-17T16:40:57.676+0800	[34mINFO[0m	engine/engine.go:402	=====> 初始化数据库连接
2021-09-17T16:40:57.679+0800	[34mINFO[0m	engine/engine.go:402	=====> 初始化配置
2021-09-17T16:40:57.681+0800	[34mINFO[0m	engine/engine.go:402	=====> 初始化导航栏按钮
2021-09-17T16:40:57.681+0800	[34mINFO[0m	engine/engine.go:402	=====> 初始化插件
2021-09-17T16:40:57.681+0800	[34mINFO[0m	engine/engine.go:402	=====> 初始化成功🍺🍺
2021-09-17T16:52:29.881+0800	[34mINFO[0m	engine/engine.go:402	=====> 初始化数据库连接
2021-09-17T16:52:29.885+0800	[34mINFO[0m	engine/engine.go:402	=====> 初始化配置
2021-09-17T16:52:29.887+0800	[34mINFO[0m	engine/engine.go:402	=====> 初始化导航栏按钮
2021-09-17T16:52:29.887+0800	[34mINFO[0m	engine/engine.go:402	=====> 初始化插件
2021-09-17T16:52:29.887+0800	[34mINFO[0m	engine/engine.go:402	=====> 初始化成功🍺🍺
2021-09-17T16:56:21.461+0800	[34mINFO[0m	engine/engine.go:402	=====> 初始化数据库连接
2021-09-17T16:56:21.465+0800	[34mINFO[0m	engine/engine.go:402	=====> 初始化配置
2021-09-17T16:56:21.466+0800	[34mINFO[0m	engine/engine.go:402	=====> 初始化导航栏按钮
2021-09-17T16:56:21.466+0800	[34mINFO[0m	engine/engine.go:402	=====> 初始化插件
2021-09-17T16:56:21.466+0800	[34mINFO[0m	engine/engine.go:402	=====> 初始化成功🍺🍺
2021-09-17T16:57:44.909+0800	[34mINFO[0m	engine/engine.go:402	=====> 初始化数据库连接
2021-09-17T16:57:44.912+0800	[34mINFO[0m	engine/engine.go:402	=====> 初始化配置
2021-09-17T16:57:44.913+0800	[34mINFO[0m	engine/engine.go:402	=====> 初始化导航栏按钮
2021-09-17T16:57:44.913+0800	[34mINFO[0m	engine/engine.go:402	=====> 初始化插件
2021-09-17T16:57:44.914+0800	[34mINFO[0m	engine/engine.go:402	=====> 初始化成功🍺🍺
2021-09-17T17:46:08.821+0800	[34mINFO[0m	engine/engine.go:402	=====> 初始化数据库连接
2021-09-17T17:46:08.824+0800	[34mINFO[0m	engine/engine.go:402	=====> 初始化配置
2021-09-17T17:46:08.826+0800	[34mINFO[0m	engine/engine.go:402	=====> 初始化导航栏按钮
2021-09-17T17:46:08.826+0800	[34mINFO[0m	engine/engine.go:402	=====> 初始化插件
2021-09-17T17:46:08.826+0800	[34mINFO[0m	engine/engine.go:402	=====> 初始化成功🍺🍺
2021-09-17T18:05:00.913+0800	[34mINFO[0m	engine/engine.go:402	=====> 初始化数据库连接
2021-09-17T18:05:00.916+0800	[34mINFO[0m	engine/engine.go:402	=====> 初始化配置
2021-09-17T18:05:00.917+0800	[34mINFO[0m	engine/engine.go:402	=====> 初始化导航栏按钮
2021-09-17T18:05:00.917+0800	[34mINFO[0m	engine/engine.go:402	=====> 初始化插件
2021-09-17T18:05:00.917+0800	[34mINFO[0m	engine/engine.go:402	=====> 初始化成功🍺🍺
2021-09-17T18:05:54.486+0800	[34mINFO[0m	engine/engine.go:402	=====> 初始化数据库连接
2021-09-17T18:05:54.489+0800	[34mINFO[0m	engine/engine.go:402	=====> 初始化配置
2021-09-17T18:05:54.490+0800	[34mINFO[0m	engine/engine.go:402	=====> 初始化导航栏按钮
2021-09-17T18:05:54.491+0800	[34mINFO[0m	engine/engine.go:402	=====> 初始化插件
2021-09-17T18:05:54.491+0800	[34mINFO[0m	engine/engine.go:402	=====> 初始化成功🍺🍺
2021-09-17T18:19:10.042+0800	[34mINFO[0m	engine/engine.go:402	=====> 初始化数据库连接
2021-09-17T18:19:10.045+0800	[34mINFO[0m	engine/engine.go:402	=====> 初始化配置
2021-09-17T18:19:10.047+0800	[34mINFO[0m	engine/engine.go:402	=====> 初始化导航栏按钮
2021-09-17T18:19:10.047+0800	[34mINFO[0m	engine/engine.go:402	=====> 初始化插件
2021-09-17T18:19:10.047+0800	[34mINFO[0m	engine/engine.go:402	=====> 初始化成功🍺🍺
2021-09-17T18:19:51.907+0800	[34mINFO[0m	engine/engine.go:402	=====> 初始化数据库连接
2021-09-17T18:19:51.909+0800	[34mINFO[0m	engine/engine.go:402	=====> 初始化配置
2021-09-17T18:19:51.911+0800	[34mINFO[0m	engine/engine.go:402	=====> 初始化导航栏按钮
2021-09-17T18:19:51.911+0800	[34mINFO[0m	engine/engine.go:402	=====> 初始化插件
2021-09-17T18:19:51.911+0800	[34mINFO[0m	engine/engine.go:402	=====> 初始化成功🍺🍺
2021-09-17T18:22:20.820+0800	[34mINFO[0m	engine/engine.go:402	=====> 初始化数据库连接
2021-09-17T18:22:20.824+0800	[34mINFO[0m	engine/engine.go:402	=====> 初始化配置
2021-09-17T18:22:20.826+0800	[34mINFO[0m	engine/engine.go:402	=====> 初始化导航栏按钮
2021-09-17T18:22:20.826+0800	[34mINFO[0m	engine/engine.go:402	=====> 初始化插件
2021-09-17T18:22:20.826+0800	[34mINFO[0m	engine/engine.go:402	=====> 初始化成功🍺🍺
2021-09-18T10:49:50.583+0800	[34mINFO[0m	engine/engine.go:402	=====> 初始化数据库连接
2021-09-18T10:49:50.586+0800	[34mINFO[0m	engine/engine.go:402	=====> 初始化配置
2021-09-18T10:49:50.587+0800	[34mINFO[0m	engine/engine.go:402	=====> 初始化导航栏按钮
2021-09-18T10:49:50.587+0800	[34mINFO[0m	engine/engine.go:402	=====> 初始化插件
2021-09-18T10:49:50.588+0800	[34mINFO[0m	engine/engine.go:402	=====> 初始化成功🍺🍺
2021-09-18T10:51:32.243+0800	[34mINFO[0m	engine/engine.go:402	=====> 初始化数据库连接
2021-09-18T10:51:32.247+0800	[34mINFO[0m	engine/engine.go:402	=====> 初始化配置
2021-09-18T10:51:32.248+0800	[34mINFO[0m	engine/engine.go:402	=====> 初始化导航栏按钮
2021-09-18T10:51:32.249+0800	[34mINFO[0m	engine/engine.go:402	=====> 初始化插件
2021-09-18T10:51:32.249+0800	[34mINFO[0m	engine/engine.go:402	=====> 初始化成功🍺🍺
2021-09-18T10:52:46.025+0800	[34mINFO[0m	engine/engine.go:402	=====> 初始化数据库连接
2021-09-18T10:52:46.029+0800	[34mINFO[0m	engine/engine.go:402	=====> 初始化配置
2021-09-18T10:52:46.031+0800	[34mINFO[0m	engine/engine.go:402	=====> 初始化导航栏按钮
2021-09-18T10:52:46.031+0800	[34mINFO[0m	engine/engine.go:402	=====> 初始化插件
2021-09-18T10:52:46.031+0800	[34mINFO[0m	engine/engine.go:402	=====> 初始化成功🍺🍺
2021-09-18T10:57:35.311+0800	[34mINFO[0m	engine/engine.go:402	=====> 初始化数据库连接
2021-09-18T10:57:35.314+0800	[34mINFO[0m	engine/engine.go:402	=====> 初始化配置
2021-09-18T10:57:35.315+0800	[34mINFO[0m	engine/engine.go:402	=====> 初始化导航栏按钮
2021-09-18T10:57:35.316+0800	[34mINFO[0m	engine/engine.go:402	=====> 初始化插件
2021-09-18T10:57:35.316+0800	[34mINFO[0m	engine/engine.go:402	=====> 初始化成功🍺🍺
2021-09-18T11:11:48.148+0800	[34mINFO[0m	engine/engine.go:402	=====> 初始化数据库连接
2021-09-18T11:11:48.152+0800	[34mINFO[0m	engine/engine.go:402	=====> 初始化配置
2021-09-18T11:11:48.153+0800	[34mINFO[0m	engine/engine.go:402	=====> 初始化导航栏按钮
2021-09-18T11:11:48.153+0800	[34mINFO[0m	engine/engine.go:402	=====> 初始化插件
2021-09-18T11:11:48.153+0800	[34mINFO[0m	engine/engine.go:402	=====> 初始化成功🍺🍺
2021-09-18T11:12:37.899+0800	[34mINFO[0m	engine/engine.go:402	=====> 初始化数据库连接
2021-09-18T11:12:37.903+0800	[34mINFO[0m	engine/engine.go:402	=====> 初始化配置
2021-09-18T11:12:37.904+0800	[34mINFO[0m	engine/engine.go:402	=====> 初始化导航栏按钮
2021-09-18T11:12:37.904+0800	[34mINFO[0m	engine/engine.go:402	=====> 初始化插件
2021-09-18T11:12:37.904+0800	[34mINFO[0m	engine/engine.go:402	=====> 初始化成功🍺🍺
2021-09-18T11:25:44.625+0800	[34mINFO[0m	engine/engine.go:402	=====> 初始化数据库连接
2021-09-18T11:25:44.629+0800	[34mINFO[0m	engine/engine.go:402	=====> 初始化配置
2021-09-18T11:25:44.631+0800	[34mINFO[0m	engine/engine.go:402	=====> 初始化导航栏按钮
2021-09-18T11:25:44.631+0800	[34mINFO[0m	engine/engine.go:402	=====> 初始化插件
2021-09-18T11:25:44.631+0800	[34mINFO[0m	engine/engine.go:402	=====> 初始化成功🍺🍺
2021-09-18T11:26:47.026+0800	[34mINFO[0m	engine/engine.go:402	=====> 初始化数据库连接
2021-09-18T11:26:47.030+0800	[34mINFO[0m	engine/engine.go:402	=====> 初始化配置
2021-09-18T11:26:47.032+0800	[34mINFO[0m	engine/engine.go:402	=====> 初始化导航栏按钮
2021-09-18T11:26:47.032+0800	[34mINFO[0m	engine/engine.go:402	=====> 初始化插件
2021-09-18T11:26:47.032+0800	[34mINFO[0m	engine/engine.go:402	=====> 初始化成功🍺🍺
2021-09-18T11:27:01.540+0800	[34mINFO[0m	engine/engine.go:402	=====> 初始化数据库连接
2021-09-18T11:27:01.543+0800	[34mINFO[0m	engine/engine.go:402	=====> 初始化配置
2021-09-18T11:27:01.545+0800	[34mINFO[0m	engine/engine.go:402	=====> 初始化导航栏按钮
2021-09-18T11:27:01.546+0800	[34mINFO[0m	engine/engine.go:402	=====> 初始化插件
2021-09-18T11:27:01.546+0800	[34mINFO[0m	engine/engine.go:402	=====> 初始化成功🍺🍺
2021-09-18T11:27:14.936+0800	[34mINFO[0m	engine/engine.go:402	=====> 初始化数据库连接
2021-09-18T11:27:14.941+0800	[34mINFO[0m	engine/engine.go:402	=====> 初始化配置
2021-09-18T11:27:14.943+0800	[34mINFO[0m	engine/engine.go:402	=====> 初始化导航栏按钮
2021-09-18T11:27:14.943+0800	[34mINFO[0m	engine/engine.go:402	=====> 初始化插件
2021-09-18T11:27:14.943+0800	[34mINFO[0m	engine/engine.go:402	=====> 初始化成功🍺🍺
2021-09-18T11:28:50.110+0800	[34mINFO[0m	engine/engine.go:402	=====> 初始化数据库连接
2021-09-18T11:28:50.113+0800	[34mINFO[0m	engine/engine.go:402	=====> 初始化配置
2021-09-18T11:28:50.116+0800	[34mINFO[0m	engine/engine.go:402	=====> 初始化导航栏按钮
2021-09-18T11:28:50.116+0800	[34mINFO[0m	engine/engine.go:402	=====> 初始化插件
2021-09-18T11:28:50.116+0800	[34mINFO[0m	engine/engine.go:402	=====> 初始化成功🍺🍺
2021-09-18T11:31:52.748+0800	[34mINFO[0m	engine/engine.go:402	=====> 初始化数据库连接
2021-09-18T11:31:52.752+0800	[34mINFO[0m	engine/engine.go:402	=====> 初始化配置
2021-09-18T11:31:52.754+0800	[34mINFO[0m	engine/engine.go:402	=====> 初始化导航栏按钮
2021-09-18T11:31:52.755+0800	[34mINFO[0m	engine/engine.go:402	=====> 初始化插件
2021-09-18T11:31:52.755+0800	[34mINFO[0m	engine/engine.go:402	=====> 初始化成功🍺🍺
2021-09-18T11:32:50.107+0800	[34mINFO[0m	engine/engine.go:402	=====> 初始化数据库连接
2021-09-18T11:32:50.111+0800	[34mINFO[0m	engine/engine.go:402	=====> 初始化配置
2021-09-18T11:32:50.113+0800	[34mINFO[0m	engine/engine.go:402	=====> 初始化导航栏按钮
2021-09-18T11:32:50.114+0800	[34mINFO[0m	engine/engine.go:402	=====> 初始化插件
2021-09-18T11:32:50.114+0800	[34mINFO[0m	engine/engine.go:402	=====> 初始化成功🍺🍺
2021-09-18T11:35:41.675+0800	[34mINFO[0m	engine/engine.go:402	=====> 初始化数据库连接
2021-09-18T11:35:41.678+0800	[34mINFO[0m	engine/engine.go:402	=====> 初始化配置
2021-09-18T11:35:41.680+0800	[34mINFO[0m	engine/engine.go:402	=====> 初始化导航栏按钮
2021-09-18T11:35:41.680+0800	[34mINFO[0m	engine/engine.go:402	=====> 初始化插件
2021-09-18T11:35:41.680+0800	[34mINFO[0m	engine/engine.go:402	=====> 初始化成功🍺🍺
2021-09-18T11:36:26.160+0800	[34mINFO[0m	engine/engine.go:402	=====> 初始化数据库连接
2021-09-18T11:36:26.162+0800	[34mINFO[0m	engine/engine.go:402	=====> 初始化配置
2021-09-18T11:36:26.164+0800	[34mINFO[0m	engine/engine.go:402	=====> 初始化导航栏按钮
2021-09-18T11:36:26.164+0800	[34mINFO[0m	engine/engine.go:402	=====> 初始化插件
2021-09-18T11:36:26.164+0800	[34mINFO[0m	engine/engine.go:402	=====> 初始化成功🍺🍺
2021-09-18T11:36:57.530+0800	[34mINFO[0m	engine/engine.go:402	=====> 初始化数据库连接
2021-09-18T11:36:57.533+0800	[34mINFO[0m	engine/engine.go:402	=====> 初始化配置
2021-09-18T11:36:57.535+0800	[34mINFO[0m	engine/engine.go:402	=====> 初始化导航栏按钮
2021-09-18T11:36:57.535+0800	[34mINFO[0m	engine/engine.go:402	=====> 初始化插件
2021-09-18T11:36:57.535+0800	[34mINFO[0m	engine/engine.go:402	=====> 初始化成功🍺🍺
2021-09-18T14:07:27.729+0800	[34mINFO[0m	engine/engine.go:402	=====> 初始化数据库连接
2021-09-18T14:07:27.732+0800	[34mINFO[0m	engine/engine.go:402	=====> 初始化配置
2021-09-18T14:07:27.733+0800	[34mINFO[0m	engine/engine.go:402	=====> 初始化导航栏按钮
2021-09-18T14:07:27.733+0800	[34mINFO[0m	engine/engine.go:402	=====> 初始化插件
2021-09-18T14:07:27.733+0800	[34mINFO[0m	engine/engine.go:402	=====> 初始化成功🍺🍺
2021-09-18T14:16:56.924+0800	[34mINFO[0m	engine/engine.go:402	=====> 初始化数据库连接
2021-09-18T14:16:56.927+0800	[34mINFO[0m	engine/engine.go:402	=====> 初始化配置
2021-09-18T14:16:56.929+0800	[34mINFO[0m	engine/engine.go:402	=====> 初始化导航栏按钮
2021-09-18T14:16:56.930+0800	[34mINFO[0m	engine/engine.go:402	=====> 初始化插件
2021-09-18T14:16:56.930+0800	[34mINFO[0m	engine/engine.go:402	=====> 初始化成功🍺🍺
2021-09-18T14:20:58.278+0800	[34mINFO[0m	engine/engine.go:402	=====> 初始化数据库连接
2021-09-18T14:20:58.280+0800	[34mINFO[0m	engine/engine.go:402	=====> 初始化配置
2021-09-18T14:20:58.282+0800	[34mINFO[0m	engine/engine.go:402	=====> 初始化导航栏按钮
2021-09-18T14:20:58.282+0800	[34mINFO[0m	engine/engine.go:402	=====> 初始化插件
2021-09-18T14:20:58.282+0800	[34mINFO[0m	engine/engine.go:402	=====> 初始化成功🍺🍺
2021-09-18T14:21:36.179+0800	[34mINFO[0m	engine/engine.go:402	=====> 初始化数据库连接
2021-09-18T14:21:36.182+0800	[34mINFO[0m	engine/engine.go:402	=====> 初始化配置
2021-09-18T14:21:36.184+0800	[34mINFO[0m	engine/engine.go:402	=====> 初始化导航栏按钮
2021-09-18T14:21:36.184+0800	[34mINFO[0m	engine/engine.go:402	=====> 初始化插件
2021-09-18T14:21:36.184+0800	[34mINFO[0m	engine/engine.go:402	=====> 初始化成功🍺🍺
2021-09-18T14:28:13.620+0800	[34mINFO[0m	engine/engine.go:402	=====> 初始化数据库连接
2021-09-18T14:28:13.623+0800	[34mINFO[0m	engine/engine.go:402	=====> 初始化配置
2021-09-18T14:28:13.624+0800	[34mINFO[0m	engine/engine.go:402	=====> 初始化导航栏按钮
2021-09-18T14:28:13.625+0800	[34mINFO[0m	engine/engine.go:402	=====> 初始化插件
2021-09-18T14:28:13.625+0800	[34mINFO[0m	engine/engine.go:402	=====> 初始化成功🍺🍺
2021-09-18T14:39:12.199+0800	[34mINFO[0m	engine/engine.go:402	=====> 初始化数据库连接
2021-09-18T14:39:12.202+0800	[34mINFO[0m	engine/engine.go:402	=====> 初始化配置
2021-09-18T14:39:12.203+0800	[34mINFO[0m	engine/engine.go:402	=====> 初始化导航栏按钮
2021-09-18T14:39:12.203+0800	[34mINFO[0m	engine/engine.go:402	=====> 初始化插件
2021-09-18T14:39:12.203+0800	[34mINFO[0m	engine/engine.go:402	=====> 初始化成功🍺🍺
2021-09-18T14:46:36.829+0800	[34mINFO[0m	engine/engine.go:402	=====> 初始化数据库连接
2021-09-18T14:46:36.832+0800	[34mINFO[0m	engine/engine.go:402	=====> 初始化配置
2021-09-18T14:46:36.833+0800	[34mINFO[0m	engine/engine.go:402	=====> 初始化导航栏按钮
2021-09-18T14:46:36.833+0800	[34mINFO[0m	engine/engine.go:402	=====> 初始化插件
2021-09-18T14:46:36.834+0800	[34mINFO[0m	engine/engine.go:402	=====> 初始化成功🍺🍺
2021-09-18T14:48:12.140+0800	[34mINFO[0m	engine/engine.go:402	=====> 初始化数据库连接
2021-09-18T14:48:12.143+0800	[34mINFO[0m	engine/engine.go:402	=====> 初始化配置
2021-09-18T14:48:12.144+0800	[34mINFO[0m	engine/engine.go:402	=====> 初始化导航栏按钮
2021-09-18T14:48:12.145+0800	[34mINFO[0m	engine/engine.go:402	=====> 初始化插件
2021-09-18T14:48:12.145+0800	[34mINFO[0m	engine/engine.go:402	=====> 初始化成功🍺🍺
2021-09-18T14:48:36.171+0800	[34mINFO[0m	engine/engine.go:402	=====> 初始化数据库连接
2021-09-18T14:48:36.174+0800	[34mINFO[0m	engine/engine.go:402	=====> 初始化配置
2021-09-18T14:48:36.175+0800	[34mINFO[0m	engine/engine.go:402	=====> 初始化导航栏按钮
2021-09-18T14:48:36.176+0800	[34mINFO[0m	engine/engine.go:402	=====> 初始化插件
2021-09-18T14:48:36.176+0800	[34mINFO[0m	engine/engine.go:402	=====> 初始化成功🍺🍺
2021-09-18T14:49:12.673+0800	[34mINFO[0m	engine/engine.go:402	=====> 初始化数据库连接
2021-09-18T14:49:12.704+0800	[34mINFO[0m	engine/engine.go:402	=====> 初始化配置
2021-09-18T14:49:12.705+0800	[34mINFO[0m	engine/engine.go:402	=====> 初始化导航栏按钮
2021-09-18T14:49:12.705+0800	[34mINFO[0m	engine/engine.go:402	=====> 初始化插件
2021-09-18T14:49:12.705+0800	[34mINFO[0m	engine/engine.go:402	=====> 初始化成功🍺🍺
2021-09-18T14:49:32.107+0800	[34mINFO[0m	engine/engine.go:402	=====> 初始化数据库连接
2021-09-18T14:49:32.110+0800	[34mINFO[0m	engine/engine.go:402	=====> 初始化配置
2021-09-18T14:49:32.111+0800	[34mINFO[0m	engine/engine.go:402	=====> 初始化导航栏按钮
2021-09-18T14:49:32.112+0800	[34mINFO[0m	engine/engine.go:402	=====> 初始化插件
2021-09-18T14:49:32.112+0800	[34mINFO[0m	engine/engine.go:402	=====> 初始化成功🍺🍺
2021-09-18T14:50:05.559+0800	[34mINFO[0m	engine/engine.go:402	=====> 初始化数据库连接
2021-09-18T14:50:05.562+0800	[34mINFO[0m	engine/engine.go:402	=====> 初始化配置
2021-09-18T14:50:05.564+0800	[34mINFO[0m	engine/engine.go:402	=====> 初始化导航栏按钮
2021-09-18T14:50:05.564+0800	[34mINFO[0m	engine/engine.go:402	=====> 初始化插件
2021-09-18T14:50:05.565+0800	[34mINFO[0m	engine/engine.go:402	=====> 初始化成功🍺🍺
2021-09-18T14:50:33.584+0800	[34mINFO[0m	engine/engine.go:402	=====> 初始化数据库连接
2021-09-18T14:50:33.589+0800	[34mINFO[0m	engine/engine.go:402	=====> 初始化配置
2021-09-18T14:50:33.590+0800	[34mINFO[0m	engine/engine.go:402	=====> 初始化导航栏按钮
2021-09-18T14:50:33.590+0800	[34mINFO[0m	engine/engine.go:402	=====> 初始化插件
2021-09-18T14:50:33.590+0800	[34mINFO[0m	engine/engine.go:402	=====> 初始化成功🍺🍺
2021-09-18T14:59:00.945+0800	[34mINFO[0m	engine/engine.go:402	=====> 初始化数据库连接
2021-09-18T14:59:00.977+0800	[34mINFO[0m	engine/engine.go:402	=====> 初始化配置
2021-09-18T14:59:00.978+0800	[34mINFO[0m	engine/engine.go:402	=====> 初始化导航栏按钮
2021-09-18T14:59:00.978+0800	[34mINFO[0m	engine/engine.go:402	=====> 初始化插件
2021-09-18T14:59:00.979+0800	[34mINFO[0m	engine/engine.go:402	=====> 初始化成功🍺🍺
2021-09-18T14:59:44.816+0800	[34mINFO[0m	engine/engine.go:402	=====> 初始化数据库连接
2021-09-18T14:59:44.819+0800	[34mINFO[0m	engine/engine.go:402	=====> 初始化配置
2021-09-18T14:59:44.820+0800	[34mINFO[0m	engine/engine.go:402	=====> 初始化导航栏按钮
2021-09-18T14:59:44.821+0800	[34mINFO[0m	engine/engine.go:402	=====> 初始化插件
2021-09-18T14:59:44.821+0800	[34mINFO[0m	engine/engine.go:402	=====> 初始化成功🍺🍺
2021-09-18T15:24:12.071+0800	[34mINFO[0m	engine/engine.go:402	=====> 初始化数据库连接
2021-09-18T15:24:12.104+0800	[34mINFO[0m	engine/engine.go:402	=====> 初始化配置
2021-09-18T15:24:12.107+0800	[34mINFO[0m	engine/engine.go:402	=====> 初始化导航栏按钮
2021-09-18T15:24:12.107+0800	[34mINFO[0m	engine/engine.go:402	=====> 初始化插件
2021-09-18T15:24:12.107+0800	[34mINFO[0m	engine/engine.go:402	=====> 初始化成功🍺🍺
2021-09-18T15:26:56.300+0800	[34mINFO[0m	engine/engine.go:402	=====> 初始化数据库连接
2021-09-18T15:26:56.305+0800	[34mINFO[0m	engine/engine.go:402	=====> 初始化配置
2021-09-18T15:26:56.308+0800	[34mINFO[0m	engine/engine.go:402	=====> 初始化导航栏按钮
2021-09-18T15:26:56.308+0800	[34mINFO[0m	engine/engine.go:402	=====> 初始化插件
2021-09-18T15:26:56.308+0800	[34mINFO[0m	engine/engine.go:402	=====> 初始化成功🍺🍺
2021-09-18T15:36:04.524+0800	[34mINFO[0m	engine/engine.go:402	=====> 初始化数据库连接
2021-09-18T15:36:04.555+0800	[34mINFO[0m	engine/engine.go:402	=====> 初始化配置
2021-09-18T15:36:04.557+0800	[34mINFO[0m	engine/engine.go:402	=====> 初始化导航栏按钮
2021-09-18T15:36:04.558+0800	[34mINFO[0m	engine/engine.go:402	=====> 初始化插件
2021-09-18T15:36:04.558+0800	[34mINFO[0m	engine/engine.go:402	=====> 初始化成功🍺🍺
2021-09-18T15:38:33.048+0800	[34mINFO[0m	engine/engine.go:402	=====> 初始化数据库连接
2021-09-18T15:38:33.052+0800	[34mINFO[0m	engine/engine.go:402	=====> 初始化配置
2021-09-18T15:38:33.054+0800	[34mINFO[0m	engine/engine.go:402	=====> 初始化导航栏按钮
2021-09-18T15:38:33.055+0800	[34mINFO[0m	engine/engine.go:402	=====> 初始化插件
2021-09-18T15:38:33.055+0800	[34mINFO[0m	engine/engine.go:402	=====> 初始化成功🍺🍺
2021-09-18T15:38:55.942+0800	[34mINFO[0m	engine/engine.go:402	=====> 初始化数据库连接
2021-09-18T15:38:55.946+0800	[34mINFO[0m	engine/engine.go:402	=====> 初始化配置
2021-09-18T15:38:55.949+0800	[34mINFO[0m	engine/engine.go:402	=====> 初始化导航栏按钮
2021-09-18T15:38:55.949+0800	[34mINFO[0m	engine/engine.go:402	=====> 初始化插件
2021-09-18T15:38:55.950+0800	[34mINFO[0m	engine/engine.go:402	=====> 初始化成功🍺🍺
2021-09-18T15:39:53.776+0800	[34mINFO[0m	engine/engine.go:402	=====> 初始化数据库连接
2021-09-18T15:39:53.780+0800	[34mINFO[0m	engine/engine.go:402	=====> 初始化配置
2021-09-18T15:39:53.782+0800	[34mINFO[0m	engine/engine.go:402	=====> 初始化导航栏按钮
2021-09-18T15:39:53.782+0800	[34mINFO[0m	engine/engine.go:402	=====> 初始化插件
2021-09-18T15:39:53.783+0800	[34mINFO[0m	engine/engine.go:402	=====> 初始化成功🍺🍺
2021-09-18T15:40:54.371+0800	[34mINFO[0m	engine/engine.go:402	=====> 初始化数据库连接
2021-09-18T15:40:54.375+0800	[34mINFO[0m	engine/engine.go:402	=====> 初始化配置
2021-09-18T15:40:54.378+0800	[34mINFO[0m	engine/engine.go:402	=====> 初始化导航栏按钮
2021-09-18T15:40:54.378+0800	[34mINFO[0m	engine/engine.go:402	=====> 初始化插件
2021-09-18T15:40:54.379+0800	[34mINFO[0m	engine/engine.go:402	=====> 初始化成功🍺🍺
2021-09-18T15:41:33.762+0800	[34mINFO[0m	engine/engine.go:402	=====> 初始化数据库连接
2021-09-18T15:41:33.766+0800	[34mINFO[0m	engine/engine.go:402	=====> 初始化配置
2021-09-18T15:41:33.768+0800	[34mINFO[0m	engine/engine.go:402	=====> 初始化导航栏按钮
2021-09-18T15:41:33.768+0800	[34mINFO[0m	engine/engine.go:402	=====> 初始化插件
2021-09-18T15:41:33.768+0800	[34mINFO[0m	engine/engine.go:402	=====> 初始化成功🍺🍺
2021-09-18T15:42:22.165+0800	[34mINFO[0m	engine/engine.go:402	=====> 初始化数据库连接
2021-09-18T15:42:22.197+0800	[34mINFO[0m	engine/engine.go:402	=====> 初始化配置
2021-09-18T15:42:22.199+0800	[34mINFO[0m	engine/engine.go:402	=====> 初始化导航栏按钮
2021-09-18T15:42:22.199+0800	[34mINFO[0m	engine/engine.go:402	=====> 初始化插件
2021-09-18T15:42:22.200+0800	[34mINFO[0m	engine/engine.go:402	=====> 初始化成功🍺🍺
2021-09-18T15:42:27.522+0800	[34mINFO[0m	engine/engine.go:402	=====> 初始化数据库连接
2021-09-18T15:42:27.526+0800	[34mINFO[0m	engine/engine.go:402	=====> 初始化配置
2021-09-18T15:42:27.528+0800	[34mINFO[0m	engine/engine.go:402	=====> 初始化导航栏按钮
2021-09-18T15:42:27.529+0800	[34mINFO[0m	engine/engine.go:402	=====> 初始化插件
2021-09-18T15:42:27.529+0800	[34mINFO[0m	engine/engine.go:402	=====> 初始化成功🍺🍺
2021-09-18T15:45:49.682+0800	[34mINFO[0m	engine/engine.go:402	=====> 初始化数据库连接
2021-09-18T15:45:49.685+0800	[34mINFO[0m	engine/engine.go:402	=====> 初始化配置
2021-09-18T15:45:49.688+0800	[34mINFO[0m	engine/engine.go:402	=====> 初始化导航栏按钮
2021-09-18T15:45:49.688+0800	[34mINFO[0m	engine/engine.go:402	=====> 初始化插件
2021-09-18T15:45:49.688+0800	[34mINFO[0m	engine/engine.go:402	=====> 初始化成功🍺🍺
2021-09-18T15:47:59.728+0800	[34mINFO[0m	engine/engine.go:402	=====> 初始化数据库连接
2021-09-18T15:47:59.732+0800	[34mINFO[0m	engine/engine.go:402	=====> 初始化配置
2021-09-18T15:47:59.734+0800	[34mINFO[0m	engine/engine.go:402	=====> 初始化导航栏按钮
2021-09-18T15:47:59.734+0800	[34mINFO[0m	engine/engine.go:402	=====> 初始化插件
2021-09-18T15:47:59.735+0800	[34mINFO[0m	engine/engine.go:402	=====> 初始化成功🍺🍺
2021-09-18T15:49:37.961+0800	[34mINFO[0m	engine/engine.go:402	=====> 初始化数据库连接
2021-09-18T15:49:37.965+0800	[34mINFO[0m	engine/engine.go:402	=====> 初始化配置
2021-09-18T15:49:37.967+0800	[34mINFO[0m	engine/engine.go:402	=====> 初始化导航栏按钮
2021-09-18T15:49:37.967+0800	[34mINFO[0m	engine/engine.go:402	=====> 初始化插件
2021-09-18T15:49:37.967+0800	[34mINFO[0m	engine/engine.go:402	=====> 初始化成功🍺🍺
2021-09-18T15:52:07.153+0800	[34mINFO[0m	engine/engine.go:402	=====> 初始化数据库连接
2021-09-18T15:52:07.157+0800	[34mINFO[0m	engine/engine.go:402	=====> 初始化配置
2021-09-18T15:52:07.159+0800	[34mINFO[0m	engine/engine.go:402	=====> 初始化导航栏按钮
2021-09-18T15:52:07.160+0800	[34mINFO[0m	engine/engine.go:402	=====> 初始化插件
2021-09-18T15:52:07.160+0800	[34mINFO[0m	engine/engine.go:402	=====> 初始化成功🍺🍺
2021-09-18T15:54:06.149+0800	[34mINFO[0m	engine/engine.go:402	=====> 初始化数据库连接
2021-09-18T15:54:06.153+0800	[34mINFO[0m	engine/engine.go:402	=====> 初始化配置
2021-09-18T15:54:06.155+0800	[34mINFO[0m	engine/engine.go:402	=====> 初始化导航栏按钮
2021-09-18T15:54:06.156+0800	[34mINFO[0m	engine/engine.go:402	=====> 初始化插件
2021-09-18T15:54:06.156+0800	[34mINFO[0m	engine/engine.go:402	=====> 初始化成功🍺🍺
2021-09-18T15:55:32.445+0800	[34mINFO[0m	engine/engine.go:402	=====> 初始化数据库连接
2021-09-18T15:55:32.448+0800	[34mINFO[0m	engine/engine.go:402	=====> 初始化配置
2021-09-18T15:55:32.451+0800	[34mINFO[0m	engine/engine.go:402	=====> 初始化导航栏按钮
2021-09-18T15:55:32.452+0800	[34mINFO[0m	engine/engine.go:402	=====> 初始化插件
2021-09-18T15:55:32.452+0800	[34mINFO[0m	engine/engine.go:402	=====> 初始化成功🍺🍺
2021-09-18T15:55:51.964+0800	[34mINFO[0m	engine/engine.go:402	=====> 初始化数据库连接
2021-09-18T15:55:51.968+0800	[34mINFO[0m	engine/engine.go:402	=====> 初始化配置
2021-09-18T15:55:51.970+0800	[34mINFO[0m	engine/engine.go:402	=====> 初始化导航栏按钮
2021-09-18T15:55:51.971+0800	[34mINFO[0m	engine/engine.go:402	=====> 初始化插件
2021-09-18T15:55:51.971+0800	[34mINFO[0m	engine/engine.go:402	=====> 初始化成功🍺🍺
2021-09-18T15:59:37.706+0800	[34mINFO[0m	engine/engine.go:402	=====> 初始化数据库连接
2021-09-18T15:59:37.710+0800	[34mINFO[0m	engine/engine.go:402	=====> 初始化配置
2021-09-18T15:59:37.713+0800	[34mINFO[0m	engine/engine.go:402	=====> 初始化导航栏按钮
2021-09-18T15:59:37.713+0800	[34mINFO[0m	engine/engine.go:402	=====> 初始化插件
2021-09-18T15:59:37.713+0800	[34mINFO[0m	engine/engine.go:402	=====> 初始化成功🍺🍺
2021-09-18T16:00:09.176+0800	[34mINFO[0m	engine/engine.go:402	=====> 初始化数据库连接
2021-09-18T16:00:09.180+0800	[34mINFO[0m	engine/engine.go:402	=====> 初始化配置
2021-09-18T16:00:09.182+0800	[34mINFO[0m	engine/engine.go:402	=====> 初始化导航栏按钮
2021-09-18T16:00:09.183+0800	[34mINFO[0m	engine/engine.go:402	=====> 初始化插件
2021-09-18T16:00:09.183+0800	[34mINFO[0m	engine/engine.go:402	=====> 初始化成功🍺🍺
2021-09-18T16:00:46.995+0800	[34mINFO[0m	engine/engine.go:402	=====> 初始化数据库连接
2021-09-18T16:00:46.999+0800	[34mINFO[0m	engine/engine.go:402	=====> 初始化配置
2021-09-18T16:00:47.002+0800	[34mINFO[0m	engine/engine.go:402	=====> 初始化导航栏按钮
2021-09-18T16:00:47.002+0800	[34mINFO[0m	engine/engine.go:402	=====> 初始化插件
2021-09-18T16:00:47.003+0800	[34mINFO[0m	engine/engine.go:402	=====> 初始化成功🍺🍺
2021-09-18T16:04:33.609+0800	[34mINFO[0m	engine/engine.go:402	=====> 初始化数据库连接
2021-09-18T16:04:33.613+0800	[34mINFO[0m	engine/engine.go:402	=====> 初始化配置
2021-09-18T16:04:33.615+0800	[34mINFO[0m	engine/engine.go:402	=====> 初始化导航栏按钮
2021-09-18T16:04:33.617+0800	[34mINFO[0m	engine/engine.go:402	=====> 初始化插件
2021-09-18T16:04:33.617+0800	[34mINFO[0m	engine/engine.go:402	=====> 初始化成功🍺🍺
2021-09-18T16:07:34.471+0800	[34mINFO[0m	engine/engine.go:402	=====> 初始化数据库连接
2021-09-18T16:07:34.474+0800	[34mINFO[0m	engine/engine.go:402	=====> 初始化配置
2021-09-18T16:07:34.476+0800	[34mINFO[0m	engine/engine.go:402	=====> 初始化导航栏按钮
2021-09-18T16:07:34.477+0800	[34mINFO[0m	engine/engine.go:402	=====> 初始化插件
2021-09-18T16:07:34.477+0800	[34mINFO[0m	engine/engine.go:402	=====> 初始化成功🍺🍺
2021-09-18T16:18:11.442+0800	[34mINFO[0m	engine/engine.go:402	=====> 初始化数据库连接
2021-09-18T16:18:11.446+0800	[34mINFO[0m	engine/engine.go:402	=====> 初始化配置
2021-09-18T16:18:11.448+0800	[34mINFO[0m	engine/engine.go:402	=====> 初始化导航栏按钮
2021-09-18T16:18:11.448+0800	[34mINFO[0m	engine/engine.go:402	=====> 初始化插件
2021-09-18T16:18:11.449+0800	[34mINFO[0m	engine/engine.go:402	=====> 初始化成功🍺🍺
2021-09-18T16:20:50.526+0800	[34mINFO[0m	engine/engine.go:402	=====> 初始化数据库连接
2021-09-18T16:20:50.530+0800	[34mINFO[0m	engine/engine.go:402	=====> 初始化配置
2021-09-18T16:20:50.532+0800	[34mINFO[0m	engine/engine.go:402	=====> 初始化导航栏按钮
2021-09-18T16:20:50.532+0800	[34mINFO[0m	engine/engine.go:402	=====> 初始化插件
2021-09-18T16:20:50.532+0800	[34mINFO[0m	engine/engine.go:402	=====> 初始化成功🍺🍺
2021-09-18T16:21:29.839+0800	[34mINFO[0m	engine/engine.go:402	=====> 初始化数据库连接
2021-09-18T16:21:29.843+0800	[34mINFO[0m	engine/engine.go:402	=====> 初始化配置
2021-09-18T16:21:29.845+0800	[34mINFO[0m	engine/engine.go:402	=====> 初始化导航栏按钮
2021-09-18T16:21:29.845+0800	[34mINFO[0m	engine/engine.go:402	=====> 初始化插件
2021-09-18T16:21:29.845+0800	[34mINFO[0m	engine/engine.go:402	=====> 初始化成功🍺🍺
2021-09-18T16:22:04.350+0800	[34mINFO[0m	engine/engine.go:402	=====> 初始化数据库连接
2021-09-18T16:22:04.353+0800	[34mINFO[0m	engine/engine.go:402	=====> 初始化配置
2021-09-18T16:22:04.356+0800	[34mINFO[0m	engine/engine.go:402	=====> 初始化导航栏按钮
2021-09-18T16:22:04.356+0800	[34mINFO[0m	engine/engine.go:402	=====> 初始化插件
2021-09-18T16:22:04.356+0800	[34mINFO[0m	engine/engine.go:402	=====> 初始化成功🍺🍺
2021-09-18T16:23:17.598+0800	[34mINFO[0m	engine/engine.go:402	=====> 初始化数据库连接
2021-09-18T16:23:17.601+0800	[34mINFO[0m	engine/engine.go:402	=====> 初始化配置
2021-09-18T16:23:17.602+0800	[34mINFO[0m	engine/engine.go:402	=====> 初始化导航栏按钮
2021-09-18T16:23:17.603+0800	[34mINFO[0m	engine/engine.go:402	=====> 初始化插件
2021-09-18T16:23:17.603+0800	[34mINFO[0m	engine/engine.go:402	=====> 初始化成功🍺🍺
2021-09-18T16:23:38.598+0800	[34mINFO[0m	engine/engine.go:402	=====> 初始化数据库连接
2021-09-18T16:23:38.602+0800	[34mINFO[0m	engine/engine.go:402	=====> 初始化配置
2021-09-18T16:23:38.604+0800	[34mINFO[0m	engine/engine.go:402	=====> 初始化导航栏按钮
2021-09-18T16:23:38.604+0800	[34mINFO[0m	engine/engine.go:402	=====> 初始化插件
2021-09-18T16:23:38.604+0800	[34mINFO[0m	engine/engine.go:402	=====> 初始化成功🍺🍺
2021-09-18T16:42:13.624+0800	[34mINFO[0m	engine/engine.go:402	=====> 初始化数据库连接
2021-09-18T16:42:13.628+0800	[34mINFO[0m	engine/engine.go:402	=====> 初始化配置
2021-09-18T16:42:13.630+0800	[34mINFO[0m	engine/engine.go:402	=====> 初始化导航栏按钮
2021-09-18T16:42:13.630+0800	[34mINFO[0m	engine/engine.go:402	=====> 初始化插件
2021-09-18T16:42:13.631+0800	[34mINFO[0m	engine/engine.go:402	=====> 初始化成功🍺🍺
2021-09-18T16:47:04.215+0800	[34mINFO[0m	engine/engine.go:402	=====> 初始化数据库连接
2021-09-18T16:47:04.218+0800	[34mINFO[0m	engine/engine.go:402	=====> 初始化配置
2021-09-18T16:47:04.220+0800	[34mINFO[0m	engine/engine.go:402	=====> 初始化导航栏按钮
2021-09-18T16:47:04.220+0800	[34mINFO[0m	engine/engine.go:402	=====> 初始化插件
2021-09-18T16:47:04.220+0800	[34mINFO[0m	engine/engine.go:402	=====> 初始化成功🍺🍺
2021-09-18T16:51:56.296+0800	[34mINFO[0m	engine/engine.go:402	=====> 初始化数据库连接
2021-09-18T16:51:56.300+0800	[34mINFO[0m	engine/engine.go:402	=====> 初始化配置
2021-09-18T16:51:56.302+0800	[34mINFO[0m	engine/engine.go:402	=====> 初始化导航栏按钮
2021-09-18T16:51:56.302+0800	[34mINFO[0m	engine/engine.go:402	=====> 初始化插件
2021-09-18T16:51:56.303+0800	[34mINFO[0m	engine/engine.go:402	=====> 初始化成功🍺🍺
2021-09-18T16:55:02.978+0800	[34mINFO[0m	engine/engine.go:402	=====> 初始化数据库连接
2021-09-18T16:55:02.982+0800	[34mINFO[0m	engine/engine.go:402	=====> 初始化配置
2021-09-18T16:55:02.984+0800	[34mINFO[0m	engine/engine.go:402	=====> 初始化导航栏按钮
2021-09-18T16:55:02.984+0800	[34mINFO[0m	engine/engine.go:402	=====> 初始化插件
2021-09-18T16:55:02.985+0800	[34mINFO[0m	engine/engine.go:402	=====> 初始化成功🍺🍺
2021-09-18T17:04:44.832+0800	[34mINFO[0m	engine/engine.go:402	=====> 初始化数据库连接
2021-09-18T17:04:44.835+0800	[34mINFO[0m	engine/engine.go:402	=====> 初始化配置
2021-09-18T17:04:44.837+0800	[34mINFO[0m	engine/engine.go:402	=====> 初始化导航栏按钮
2021-09-18T17:04:44.838+0800	[34mINFO[0m	engine/engine.go:402	=====> 初始化插件
2021-09-18T17:04:44.838+0800	[34mINFO[0m	engine/engine.go:402	=====> 初始化成功🍺🍺
2021-09-18T17:08:01.559+0800	[34mINFO[0m	engine/engine.go:402	=====> 初始化数据库连接
2021-09-18T17:08:01.563+0800	[34mINFO[0m	engine/engine.go:402	=====> 初始化配置
2021-09-18T17:08:01.565+0800	[34mINFO[0m	engine/engine.go:402	=====> 初始化导航栏按钮
2021-09-18T17:08:01.566+0800	[34mINFO[0m	engine/engine.go:402	=====> 初始化插件
2021-09-18T17:08:01.566+0800	[34mINFO[0m	engine/engine.go:402	=====> 初始化成功🍺🍺
2021-09-18T17:09:37.202+0800	[34mINFO[0m	engine/engine.go:402	=====> 初始化数据库连接
2021-09-18T17:09:37.205+0800	[34mINFO[0m	engine/engine.go:402	=====> 初始化配置
2021-09-18T17:09:37.207+0800	[34mINFO[0m	engine/engine.go:402	=====> 初始化导航栏按钮
2021-09-18T17:09:37.207+0800	[34mINFO[0m	engine/engine.go:402	=====> 初始化插件
2021-09-18T17:09:37.208+0800	[34mINFO[0m	engine/engine.go:402	=====> 初始化成功🍺🍺
2021-09-18T17:13:07.028+0800	[34mINFO[0m	engine/engine.go:402	=====> 初始化数据库连接
2021-09-18T17:13:07.031+0800	[34mINFO[0m	engine/engine.go:402	=====> 初始化配置
2021-09-18T17:13:07.033+0800	[34mINFO[0m	engine/engine.go:402	=====> 初始化导航栏按钮
2021-09-18T17:13:07.034+0800	[34mINFO[0m	engine/engine.go:402	=====> 初始化插件
2021-09-18T17:13:07.034+0800	[34mINFO[0m	engine/engine.go:402	=====> 初始化成功🍺🍺
2021-09-18T18:11:55.990+0800	[34mINFO[0m	engine/engine.go:402	=====> 初始化数据库连接
2021-09-18T18:11:55.994+0800	[34mINFO[0m	engine/engine.go:402	=====> 初始化配置
2021-09-18T18:11:55.996+0800	[34mINFO[0m	engine/engine.go:402	=====> 初始化导航栏按钮
2021-09-18T18:11:55.996+0800	[34mINFO[0m	engine/engine.go:402	=====> 初始化插件
2021-09-18T18:11:55.996+0800	[34mINFO[0m	engine/engine.go:402	=====> 初始化成功🍺🍺
2021-09-18T18:14:35.745+0800	[34mINFO[0m	engine/engine.go:402	=====> 初始化数据库连接
2021-09-18T18:14:35.749+0800	[34mINFO[0m	engine/engine.go:402	=====> 初始化配置
2021-09-18T18:14:35.751+0800	[34mINFO[0m	engine/engine.go:402	=====> 初始化导航栏按钮
2021-09-18T18:14:35.751+0800	[34mINFO[0m	engine/engine.go:402	=====> 初始化插件
2021-09-18T18:14:35.752+0800	[34mINFO[0m	engine/engine.go:402	=====> 初始化成功🍺🍺
2021-09-18T18:15:38.141+0800	[34mINFO[0m	engine/engine.go:402	=====> 初始化数据库连接
2021-09-18T18:15:38.145+0800	[34mINFO[0m	engine/engine.go:402	=====> 初始化配置
2021-09-18T18:15:38.147+0800	[34mINFO[0m	engine/engine.go:402	=====> 初始化导航栏按钮
2021-09-18T18:15:38.148+0800	[34mINFO[0m	engine/engine.go:402	=====> 初始化插件
2021-09-18T18:15:38.148+0800	[34mINFO[0m	engine/engine.go:402	=====> 初始化成功🍺🍺
2021-09-18T18:16:21.203+0800	[34mINFO[0m	engine/engine.go:402	=====> 初始化数据库连接
2021-09-18T18:16:21.206+0800	[34mINFO[0m	engine/engine.go:402	=====> 初始化配置
2021-09-18T18:16:21.207+0800	[34mINFO[0m	engine/engine.go:402	=====> 初始化导航栏按钮
2021-09-18T18:16:21.208+0800	[34mINFO[0m	engine/engine.go:402	=====> 初始化插件
2021-09-18T18:16:21.208+0800	[34mINFO[0m	engine/engine.go:402	=====> 初始化成功🍺🍺
2021-09-22T16:58:15.750+0800	[34mINFO[0m	engine/engine.go:402	=====> 初始化数据库连接
2021-09-22T16:58:15.758+0800	[34mINFO[0m	engine/engine.go:402	=====> 初始化配置
2021-09-22T16:58:15.760+0800	[34mINFO[0m	engine/engine.go:402	=====> 初始化导航栏按钮
2021-09-22T16:58:15.760+0800	[34mINFO[0m	engine/engine.go:402	=====> 初始化插件
2021-09-22T16:58:15.761+0800	[34mINFO[0m	engine/engine.go:402	=====> 初始化成功🍺🍺
2021-09-22T18:27:33.725+0800	[34mINFO[0m	engine/engine.go:402	=====> 初始化数据库连接
2021-09-22T18:27:33.729+0800	[34mINFO[0m	engine/engine.go:402	=====> 初始化配置
2021-09-22T18:27:33.731+0800	[34mINFO[0m	engine/engine.go:402	=====> 初始化导航栏按钮
2021-09-22T18:27:33.731+0800	[34mINFO[0m	engine/engine.go:402	=====> 初始化插件
2021-09-22T18:27:33.732+0800	[34mINFO[0m	engine/engine.go:402	=====> 初始化成功🍺🍺
2021-09-22T18:28:18.087+0800	[34mINFO[0m	engine/engine.go:402	=====> 初始化数据库连接
2021-09-22T18:28:18.091+0800	[34mINFO[0m	engine/engine.go:402	=====> 初始化配置
2021-09-22T18:28:18.093+0800	[34mINFO[0m	engine/engine.go:402	=====> 初始化导航栏按钮
2021-09-22T18:28:18.093+0800	[34mINFO[0m	engine/engine.go:402	=====> 初始化插件
2021-09-22T18:28:18.093+0800	[34mINFO[0m	engine/engine.go:402	=====> 初始化成功🍺🍺
2021-09-22T18:30:38.697+0800	[34mINFO[0m	engine/engine.go:402	=====> 初始化数据库连接
2021-09-22T18:30:38.701+0800	[34mINFO[0m	engine/engine.go:402	=====> 初始化配置
2021-09-22T18:30:38.703+0800	[34mINFO[0m	engine/engine.go:402	=====> 初始化导航栏按钮
2021-09-22T18:30:38.704+0800	[34mINFO[0m	engine/engine.go:402	=====> 初始化插件
2021-09-22T18:30:38.704+0800	[34mINFO[0m	engine/engine.go:402	=====> 初始化成功🍺🍺
2021-09-22T18:35:41.236+0800	[34mINFO[0m	engine/engine.go:402	=====> 初始化数据库连接
2021-09-22T18:35:41.239+0800	[34mINFO[0m	engine/engine.go:402	=====> 初始化配置
2021-09-22T18:35:41.242+0800	[34mINFO[0m	engine/engine.go:402	=====> 初始化导航栏按钮
2021-09-22T18:35:41.242+0800	[34mINFO[0m	engine/engine.go:402	=====> 初始化插件
2021-09-22T18:35:41.242+0800	[34mINFO[0m	engine/engine.go:402	=====> 初始化成功🍺🍺
2021-09-22T18:37:20.150+0800	[34mINFO[0m	engine/engine.go:402	=====> 初始化数据库连接
2021-09-22T18:37:20.153+0800	[34mINFO[0m	engine/engine.go:402	=====> 初始化配置
2021-09-22T18:37:20.156+0800	[34mINFO[0m	engine/engine.go:402	=====> 初始化导航栏按钮
2021-09-22T18:37:20.156+0800	[34mINFO[0m	engine/engine.go:402	=====> 初始化插件
2021-09-22T18:37:20.156+0800	[34mINFO[0m	engine/engine.go:402	=====> 初始化成功🍺🍺
2021-09-22T18:40:12.118+0800	[34mINFO[0m	engine/engine.go:402	=====> 初始化数据库连接
2021-09-22T18:40:12.122+0800	[34mINFO[0m	engine/engine.go:402	=====> 初始化配置
2021-09-22T18:40:12.125+0800	[34mINFO[0m	engine/engine.go:402	=====> 初始化导航栏按钮
2021-09-22T18:40:12.125+0800	[34mINFO[0m	engine/engine.go:402	=====> 初始化插件
2021-09-22T18:40:12.125+0800	[34mINFO[0m	engine/engine.go:402	=====> 初始化成功🍺🍺
2021-09-22T19:26:31.556+0800	[34mINFO[0m	engine/engine.go:402	=====> 初始化数据库连接
2021-09-22T19:26:31.560+0800	[34mINFO[0m	engine/engine.go:402	=====> 初始化配置
2021-09-22T19:26:31.562+0800	[34mINFO[0m	engine/engine.go:402	=====> 初始化导航栏按钮
2021-09-22T19:26:31.562+0800	[34mINFO[0m	engine/engine.go:402	=====> 初始化插件
2021-09-22T19:26:31.562+0800	[34mINFO[0m	engine/engine.go:402	=====> 初始化成功🍺🍺
2021-09-23T09:58:38.110+0800	[34mINFO[0m	engine/engine.go:402	=====> 初始化数据库连接
2021-09-23T09:58:38.112+0800	[34mINFO[0m	engine/engine.go:402	=====> 初始化配置
2021-09-23T09:58:38.113+0800	[34mINFO[0m	engine/engine.go:402	=====> 初始化导航栏按钮
2021-09-23T09:58:38.113+0800	[34mINFO[0m	engine/engine.go:402	=====> 初始化插件
2021-09-23T09:58:38.114+0800	[34mINFO[0m	engine/engine.go:402	=====> 初始化成功🍺🍺
2021-09-23T14:32:47.737+0800	[34mINFO[0m	engine/engine.go:402	=====> 初始化数据库连接
2021-09-23T14:32:47.740+0800	[34mINFO[0m	engine/engine.go:402	=====> 初始化配置
2021-09-23T14:32:47.743+0800	[34mINFO[0m	engine/engine.go:402	=====> 初始化导航栏按钮
2021-09-23T14:32:47.743+0800	[34mINFO[0m	engine/engine.go:402	=====> 初始化插件
2021-09-23T14:32:47.743+0800	[34mINFO[0m	engine/engine.go:402	=====> 初始化成功🍺🍺
